<testsuites id="" name="" tests="16" failures="14" skipped="0" errors="2" time="1218.485448">
<testsuite name="projects/EC-DEDEA-Bid-Management/test-plans/tender-process/ecdedea-tender-process.spec.ts" timestamp="2026-09-10T13:16:50.845Z" hostname="" tests="16" failures="14" skipped="0" time="1197.097" errors="2">
<testcase name="ECDEDEA-TP — EC DEDEA Bid Management (Tender Process) › TC-01: Draft Tender" classname="projects/EC-DEDEA-Bid-Management/test-plans/tender-process/ecdedea-tender-process.spec.ts" time="248.684">
<system-out>
<![CDATA[[CHAIN] TC-01 created RUN_REF=REF2026-2018

[[ATTACHMENT|artifacts/projects-EC-DEDEA-Bid-Mana-81493--Process-TC-01-Draft-Tender/test-failed-1.png]]

[[ATTACHMENT|artifacts/projects-EC-DEDEA-Bid-Mana-81493--Process-TC-01-Draft-Tender/video.webm]]

[[ATTACHMENT|artifacts/projects-EC-DEDEA-Bid-Mana-81493--Process-TC-01-Draft-Tender/error-context.md]]

[[ATTACHMENT|artifacts/projects-EC-DEDEA-Bid-Mana-81493--Process-TC-01-Draft-Tender/trace.zip]]
]]>
</system-out>
<error message="Test timeout of 240000ms exceeded." type="Error">
<![CDATA[  projects/EC-DEDEA-Bid-Management/test-plans/tender-process/ecdedea-tender-process.spec.ts:363:7 › ECDEDEA-TP — EC DEDEA Bid Management (Tender Process) › TC-01: Draft Tender 

    Test timeout of 240000ms exceeded.

    Error: locator.click: Test timeout of 240000ms exceeded.
    Call log:
      - waiting for locator('.ant-picker-dropdown:not(.ant-picker-dropdown-hidden)').last().locator('td[title="2026-08-03"]')


      118 |     await dropdown.locator('.ant-picker-header-next-btn').first().click();
      119 |   }
    > 120 |   await cell.click();
          |              ^
      121 |   await dropdown.locator('.ant-picker-time-panel-column').first()
      122 |     .locator('.ant-picker-time-panel-cell-inner')
      123 |     .filter({ hasText: new RegExp(`^${hour}$`) }).first().click();
        at pickAntDateTime (/home/runner/work/Test-ReportsHub/Test-ReportsHub/projects/EC-DEDEA-Bid-Management/test-plans/tender-process/ecdedea-tender-process.spec.ts:120:14)
        at /home/runner/work/Test-ReportsHub/Test-ReportsHub/projects/EC-DEDEA-Bid-Management/test-plans/tender-process/ecdedea-tender-process.spec.ts:412:5

    attachment #1: screenshot (image/png) ──────────────────────────────────────────────────────────
    ci-results/artifacts/projects-EC-DEDEA-Bid-Mana-81493--Process-TC-01-Draft-Tender/test-failed-1.png
    ────────────────────────────────────────────────────────────────────────────────────────────────

    attachment #2: video (video/webm) ──────────────────────────────────────────────────────────────
    ci-results/artifacts/projects-EC-DEDEA-Bid-Mana-81493--Process-TC-01-Draft-Tender/video.webm
    ────────────────────────────────────────────────────────────────────────────────────────────────

    Error Context: ci-results/artifacts/projects-EC-DEDEA-Bid-Mana-81493--Process-TC-01-Draft-Tender/error-context.md

    attachment #4: trace (application/zip) ─────────────────────────────────────────────────────────
    ci-results/artifacts/projects-EC-DEDEA-Bid-Mana-81493--Process-TC-01-Draft-Tender/trace.zip
    Usage:

        npx playwright show-trace ci-results/artifacts/projects-EC-DEDEA-Bid-Mana-81493--Process-TC-01-Draft-Tender/trace.zip

    ────────────────────────────────────────────────────────────────────────────────────────────────
]]>
</error>
</testcase>
<testcase name="ECDEDEA-TP — EC DEDEA Bid Management (Tender Process) › TC-02: Review and Approve Tender Details" classname="projects/EC-DEDEA-Bid-Management/test-plans/tender-process/ecdedea-tender-process.spec.ts" time="55.477">
<system-out>
<![CDATA[
[[ATTACHMENT|artifacts/projects-EC-DEDEA-Bid-Mana-ee2a6--and-Approve-Tender-Details/test-failed-1.png]]

[[ATTACHMENT|artifacts/projects-EC-DEDEA-Bid-Mana-ee2a6--and-Approve-Tender-Details/video.webm]]

[[ATTACHMENT|artifacts/projects-EC-DEDEA-Bid-Mana-ee2a6--and-Approve-Tender-Details/error-context.md]]

[[ATTACHMENT|artifacts/projects-EC-DEDEA-Bid-Mana-ee2a6--and-Approve-Tender-Details/trace.zip]]
]]>
</system-out>
<failure message="expect(locator).toBeVisible() failed" type="expect.toBeVisible">
<![CDATA[  projects/EC-DEDEA-Bid-Management/test-plans/tender-process/ecdedea-tender-process.spec.ts:467:7 › ECDEDEA-TP — EC DEDEA Bid Management (Tender Process) › TC-02: Review and Approve Tender Details 

    Error: expect(locator).toBeVisible() failed

    Locator: getByRole('row').filter({ hasText: 'ECDEDEA Automated Tender' }).filter({ hasText: 'Review and Approve' }).first()
    Expected: visible
    Timeout: 30000ms
    Error: element(s) not found

    Call log:
      - Expect "toBeVisible" getByRole('row').filter({ hasText: 'ECDEDEA Automated Tender' }).filter({ hasText: 'Review and Approve' }).first() with timeout 30000ms
      - waiting for getByRole('row').filter({ hasText: 'ECDEDEA Automated Tender' }).filter({ hasText: 'Review and Approve' }).first()


      183 |     .filter({ hasText: actionText })
      184 |     .first();
    > 185 |   await expect(targetRow).toBeVisible({ timeout: 30000 });
          |                           ^
      186 |   const rowHref = await targetRow.getByRole('link').first().getAttribute('href');
      187 |   await page.goto(rowHref!.startsWith('http') ? rowHref! : `${BASE}${rowHref}`);
      188 |   await page.waitForURL(/workflow-action/, { timeout: 30000 });
        at openInboxItem (/home/runner/work/Test-ReportsHub/Test-ReportsHub/projects/EC-DEDEA-Bid-Management/test-plans/tender-process/ecdedea-tender-process.spec.ts:185:27)
        at /home/runner/work/Test-ReportsHub/Test-ReportsHub/projects/EC-DEDEA-Bid-Management/test-plans/tender-process/ecdedea-tender-process.spec.ts:471:11

    attachment #1: screenshot (image/png) ──────────────────────────────────────────────────────────
    ci-results/artifacts/projects-EC-DEDEA-Bid-Mana-ee2a6--and-Approve-Tender-Details/test-failed-1.png
    ────────────────────────────────────────────────────────────────────────────────────────────────

    attachment #2: video (video/webm) ──────────────────────────────────────────────────────────────
    ci-results/artifacts/projects-EC-DEDEA-Bid-Mana-ee2a6--and-Approve-Tender-Details/video.webm
    ────────────────────────────────────────────────────────────────────────────────────────────────

    Error Context: ci-results/artifacts/projects-EC-DEDEA-Bid-Mana-ee2a6--and-Approve-Tender-Details/error-context.md

    attachment #4: trace (application/zip) ─────────────────────────────────────────────────────────
    ci-results/artifacts/projects-EC-DEDEA-Bid-Mana-ee2a6--and-Approve-Tender-Details/trace.zip
    Usage:

        npx playwright show-trace ci-results/artifacts/projects-EC-DEDEA-Bid-Mana-ee2a6--and-Approve-Tender-Details/trace.zip

    ────────────────────────────────────────────────────────────────────────────────────────────────
]]>
</failure>
</testcase>
<testcase name="ECDEDEA-TP — EC DEDEA Bid Management (Tender Process) › TC-03: Publish Tender" classname="projects/EC-DEDEA-Bid-Management/test-plans/tender-process/ecdedea-tender-process.spec.ts" time="56.364">
<system-out>
<![CDATA[
[[ATTACHMENT|artifacts/projects-EC-DEDEA-Bid-Mana-ba432-rocess-TC-03-Publish-Tender/test-failed-1.png]]

[[ATTACHMENT|artifacts/projects-EC-DEDEA-Bid-Mana-ba432-rocess-TC-03-Publish-Tender/video.webm]]

[[ATTACHMENT|artifacts/projects-EC-DEDEA-Bid-Mana-ba432-rocess-TC-03-Publish-Tender/error-context.md]]

[[ATTACHMENT|artifacts/projects-EC-DEDEA-Bid-Mana-ba432-rocess-TC-03-Publish-Tender/trace.zip]]
]]>
</system-out>
<failure message="expect(locator).toBeVisible() failed" type="expect.toBeVisible">
<![CDATA[  projects/EC-DEDEA-Bid-Management/test-plans/tender-process/ecdedea-tender-process.spec.ts:485:7 › ECDEDEA-TP — EC DEDEA Bid Management (Tender Process) › TC-03: Publish Tender 

    Error: expect(locator).toBeVisible() failed

    Locator: getByRole('row').filter({ hasText: 'ECDEDEA Automated Tender' }).filter({ hasText: 'Publish Tender' }).first()
    Expected: visible
    Timeout: 30000ms
    Error: element(s) not found

    Call log:
      - Expect "toBeVisible" getByRole('row').filter({ hasText: 'ECDEDEA Automated Tender' }).filter({ hasText: 'Publish Tender' }).first() with timeout 30000ms
      - waiting for getByRole('row').filter({ hasText: 'ECDEDEA Automated Tender' }).filter({ hasText: 'Publish Tender' }).first()


      183 |     .filter({ hasText: actionText })
      184 |     .first();
    > 185 |   await expect(targetRow).toBeVisible({ timeout: 30000 });
          |                           ^
      186 |   const rowHref = await targetRow.getByRole('link').first().getAttribute('href');
      187 |   await page.goto(rowHref!.startsWith('http') ? rowHref! : `${BASE}${rowHref}`);
      188 |   await page.waitForURL(/workflow-action/, { timeout: 30000 });
        at openInboxItem (/home/runner/work/Test-ReportsHub/Test-ReportsHub/projects/EC-DEDEA-Bid-Management/test-plans/tender-process/ecdedea-tender-process.spec.ts:185:27)
        at /home/runner/work/Test-ReportsHub/Test-ReportsHub/projects/EC-DEDEA-Bid-Management/test-plans/tender-process/ecdedea-tender-process.spec.ts:489:11

    attachment #1: screenshot (image/png) ──────────────────────────────────────────────────────────
    ci-results/artifacts/projects-EC-DEDEA-Bid-Mana-ba432-rocess-TC-03-Publish-Tender/test-failed-1.png
    ────────────────────────────────────────────────────────────────────────────────────────────────

    attachment #2: video (video/webm) ──────────────────────────────────────────────────────────────
    ci-results/artifacts/projects-EC-DEDEA-Bid-Mana-ba432-rocess-TC-03-Publish-Tender/video.webm
    ────────────────────────────────────────────────────────────────────────────────────────────────

    Error Context: ci-results/artifacts/projects-EC-DEDEA-Bid-Mana-ba432-rocess-TC-03-Publish-Tender/error-context.md

    attachment #4: trace (application/zip) ─────────────────────────────────────────────────────────
    ci-results/artifacts/projects-EC-DEDEA-Bid-Mana-ba432-rocess-TC-03-Publish-Tender/trace.zip
    Usage:

        npx playwright show-trace ci-results/artifacts/projects-EC-DEDEA-Bid-Mana-ba432-rocess-TC-03-Publish-Tender/trace.zip

    ────────────────────────────────────────────────────────────────────────────────────────────────
]]>
</failure>
</testcase>
<testcase name="ECDEDEA-TP — EC DEDEA Bid Management (Tender Process) › TC-04: Consolidate Supplier Responses" classname="projects/EC-DEDEA-Bid-Management/test-plans/tender-process/ecdedea-tender-process.spec.ts" time="52.53">
<system-out>
<![CDATA[
[[ATTACHMENT|artifacts/projects-EC-DEDEA-Bid-Mana-1b958-solidate-Supplier-Responses/test-failed-1.png]]

[[ATTACHMENT|artifacts/projects-EC-DEDEA-Bid-Mana-1b958-solidate-Supplier-Responses/video.webm]]

[[ATTACHMENT|artifacts/projects-EC-DEDEA-Bid-Mana-1b958-solidate-Supplier-Responses/error-context.md]]

[[ATTACHMENT|artifacts/projects-EC-DEDEA-Bid-Mana-1b958-solidate-Supplier-Responses/trace.zip]]
]]>
</system-out>
<failure message="expect(locator).toBeHidden() failed" type="expect.toBeHidden">
<![CDATA[  projects/EC-DEDEA-Bid-Management/test-plans/tender-process/ecdedea-tender-process.spec.ts:503:7 › ECDEDEA-TP — EC DEDEA Bid Management (Tender Process) › TC-04: Consolidate Supplier Responses 

    Error: expect(locator).toBeHidden() failed

    Locator:  locator('.ant-modal-content')
    Expected: hidden
    Received: visible
    Timeout:  15000ms

    Call log:
      - Expect "toBeHidden" locator('.ant-modal-content') with timeout 15000ms
      - waiting for locator('.ant-modal-content')
        33 × locator resolved to <div class="ant-modal-content">…</div>
           - unexpected value "visible"


      243 |   await expect(dlgSubmit).toBeEnabled({ timeout: 15000 });
      244 |   await dlgSubmit.click();
    > 245 |   await expect(dialog).toBeHidden({ timeout: 15000 });
          |                        ^
      246 | }
      247 |
      248 | // EC DEDEA's "Supplier compliance" dialog. Happy path = everything compliant. NOTE the build
        at addSupplierResponse (/home/runner/work/Test-ReportsHub/Test-ReportsHub/projects/EC-DEDEA-Bid-Management/test-plans/tender-process/ecdedea-tender-process.spec.ts:245:24)
        at /home/runner/work/Test-ReportsHub/Test-ReportsHub/projects/EC-DEDEA-Bid-Management/test-plans/tender-process/ecdedea-tender-process.spec.ts:510:32

    attachment #1: screenshot (image/png) ──────────────────────────────────────────────────────────
    ci-results/artifacts/projects-EC-DEDEA-Bid-Mana-1b958-solidate-Supplier-Responses/test-failed-1.png
    ────────────────────────────────────────────────────────────────────────────────────────────────

    attachment #2: video (video/webm) ──────────────────────────────────────────────────────────────
    ci-results/artifacts/projects-EC-DEDEA-Bid-Mana-1b958-solidate-Supplier-Responses/video.webm
    ────────────────────────────────────────────────────────────────────────────────────────────────

    Error Context: ci-results/artifacts/projects-EC-DEDEA-Bid-Mana-1b958-solidate-Supplier-Responses/error-context.md

    attachment #4: trace (application/zip) ─────────────────────────────────────────────────────────
    ci-results/artifacts/projects-EC-DEDEA-Bid-Mana-1b958-solidate-Supplier-Responses/trace.zip
    Usage:

        npx playwright show-trace ci-results/artifacts/projects-EC-DEDEA-Bid-Mana-1b958-solidate-Supplier-Responses/trace.zip

    ────────────────────────────────────────────────────────────────────────────────────────────────
]]>
</failure>
</testcase>
<testcase name="ECDEDEA-TP — EC DEDEA Bid Management (Tender Process) › TC-05: Verify Compliance" classname="projects/EC-DEDEA-Bid-Management/test-plans/tender-process/ecdedea-tender-process.spec.ts" time="56.195">
<system-out>
<![CDATA[
[[ATTACHMENT|artifacts/projects-EC-DEDEA-Bid-Mana-390d5-ess-TC-05-Verify-Compliance/test-failed-1.png]]

[[ATTACHMENT|artifacts/projects-EC-DEDEA-Bid-Mana-390d5-ess-TC-05-Verify-Compliance/video.webm]]

[[ATTACHMENT|artifacts/projects-EC-DEDEA-Bid-Mana-390d5-ess-TC-05-Verify-Compliance/error-context.md]]

[[ATTACHMENT|artifacts/projects-EC-DEDEA-Bid-Mana-390d5-ess-TC-05-Verify-Compliance/trace.zip]]
]]>
</system-out>
<failure message="expect(locator).toBeVisible() failed" type="expect.toBeVisible">
<![CDATA[  projects/EC-DEDEA-Bid-Management/test-plans/tender-process/ecdedea-tender-process.spec.ts:524:7 › ECDEDEA-TP — EC DEDEA Bid Management (Tender Process) › TC-05: Verify Compliance 

    Error: expect(locator).toBeVisible() failed

    Locator: getByRole('row').filter({ hasText: 'ECDEDEA Automated Tender' }).filter({ hasText: 'Verify Compliance' }).first()
    Expected: visible
    Timeout: 30000ms
    Error: element(s) not found

    Call log:
      - Expect "toBeVisible" getByRole('row').filter({ hasText: 'ECDEDEA Automated Tender' }).filter({ hasText: 'Verify Compliance' }).first() with timeout 30000ms
      - waiting for getByRole('row').filter({ hasText: 'ECDEDEA Automated Tender' }).filter({ hasText: 'Verify Compliance' }).first()


      183 |     .filter({ hasText: actionText })
      184 |     .first();
    > 185 |   await expect(targetRow).toBeVisible({ timeout: 30000 });
          |                           ^
      186 |   const rowHref = await targetRow.getByRole('link').first().getAttribute('href');
      187 |   await page.goto(rowHref!.startsWith('http') ? rowHref! : `${BASE}${rowHref}`);
      188 |   await page.waitForURL(/workflow-action/, { timeout: 30000 });
        at openInboxItem (/home/runner/work/Test-ReportsHub/Test-ReportsHub/projects/EC-DEDEA-Bid-Management/test-plans/tender-process/ecdedea-tender-process.spec.ts:185:27)
        at /home/runner/work/Test-ReportsHub/Test-ReportsHub/projects/EC-DEDEA-Bid-Management/test-plans/tender-process/ecdedea-tender-process.spec.ts:528:11

    attachment #1: screenshot (image/png) ──────────────────────────────────────────────────────────
    ci-results/artifacts/projects-EC-DEDEA-Bid-Mana-390d5-ess-TC-05-Verify-Compliance/test-failed-1.png
    ────────────────────────────────────────────────────────────────────────────────────────────────

    attachment #2: video (video/webm) ──────────────────────────────────────────────────────────────
    ci-results/artifacts/projects-EC-DEDEA-Bid-Mana-390d5-ess-TC-05-Verify-Compliance/video.webm
    ────────────────────────────────────────────────────────────────────────────────────────────────

    Error Context: ci-results/artifacts/projects-EC-DEDEA-Bid-Mana-390d5-ess-TC-05-Verify-Compliance/error-context.md

    attachment #4: trace (application/zip) ─────────────────────────────────────────────────────────
    ci-results/artifacts/projects-EC-DEDEA-Bid-Mana-390d5-ess-TC-05-Verify-Compliance/trace.zip
    Usage:

        npx playwright show-trace ci-results/artifacts/projects-EC-DEDEA-Bid-Mana-390d5-ess-TC-05-Verify-Compliance/trace.zip

    ────────────────────────────────────────────────────────────────────────────────────────────────
]]>
</failure>
</testcase>
<testcase name="ECDEDEA-TP — EC DEDEA Bid Management (Tender Process) › TC-06: Calculate Specific Goal Points" classname="projects/EC-DEDEA-Bid-Management/test-plans/tender-process/ecdedea-tender-process.spec.ts" time="56.22">
<system-out>
<![CDATA[
[[ATTACHMENT|artifacts/projects-EC-DEDEA-Bid-Mana-8f0c4-culate-Specific-Goal-Points/test-failed-1.png]]

[[ATTACHMENT|artifacts/projects-EC-DEDEA-Bid-Mana-8f0c4-culate-Specific-Goal-Points/video.webm]]

[[ATTACHMENT|artifacts/projects-EC-DEDEA-Bid-Mana-8f0c4-culate-Specific-Goal-Points/error-context.md]]

[[ATTACHMENT|artifacts/projects-EC-DEDEA-Bid-Mana-8f0c4-culate-Specific-Goal-Points/trace.zip]]
]]>
</system-out>
<failure message="expect(locator).toBeVisible() failed" type="expect.toBeVisible">
<![CDATA[  projects/EC-DEDEA-Bid-Management/test-plans/tender-process/ecdedea-tender-process.spec.ts:549:7 › ECDEDEA-TP — EC DEDEA Bid Management (Tender Process) › TC-06: Calculate Specific Goal Points 

    Error: expect(locator).toBeVisible() failed

    Locator: getByRole('row').filter({ hasText: 'ECDEDEA Automated Tender' }).filter({ hasText: 'Calculate Specific Goal Points' }).first()
    Expected: visible
    Timeout: 30000ms
    Error: element(s) not found

    Call log:
      - Expect "toBeVisible" getByRole('row').filter({ hasText: 'ECDEDEA Automated Tender' }).filter({ hasText: 'Calculate Specific Goal Points' }).first() with timeout 30000ms
      - waiting for getByRole('row').filter({ hasText: 'ECDEDEA Automated Tender' }).filter({ hasText: 'Calculate Specific Goal Points' }).first()


      183 |     .filter({ hasText: actionText })
      184 |     .first();
    > 185 |   await expect(targetRow).toBeVisible({ timeout: 30000 });
          |                           ^
      186 |   const rowHref = await targetRow.getByRole('link').first().getAttribute('href');
      187 |   await page.goto(rowHref!.startsWith('http') ? rowHref! : `${BASE}${rowHref}`);
      188 |   await page.waitForURL(/workflow-action/, { timeout: 30000 });
        at openInboxItem (/home/runner/work/Test-ReportsHub/Test-ReportsHub/projects/EC-DEDEA-Bid-Management/test-plans/tender-process/ecdedea-tender-process.spec.ts:185:27)
        at /home/runner/work/Test-ReportsHub/Test-ReportsHub/projects/EC-DEDEA-Bid-Management/test-plans/tender-process/ecdedea-tender-process.spec.ts:553:11

    attachment #1: screenshot (image/png) ──────────────────────────────────────────────────────────
    ci-results/artifacts/projects-EC-DEDEA-Bid-Mana-8f0c4-culate-Specific-Goal-Points/test-failed-1.png
    ────────────────────────────────────────────────────────────────────────────────────────────────

    attachment #2: video (video/webm) ──────────────────────────────────────────────────────────────
    ci-results/artifacts/projects-EC-DEDEA-Bid-Mana-8f0c4-culate-Specific-Goal-Points/video.webm
    ────────────────────────────────────────────────────────────────────────────────────────────────

    Error Context: ci-results/artifacts/projects-EC-DEDEA-Bid-Mana-8f0c4-culate-Specific-Goal-Points/error-context.md

    attachment #4: trace (application/zip) ─────────────────────────────────────────────────────────
    ci-results/artifacts/projects-EC-DEDEA-Bid-Mana-8f0c4-culate-Specific-Goal-Points/trace.zip
    Usage:

        npx playwright show-trace ci-results/artifacts/projects-EC-DEDEA-Bid-Mana-8f0c4-culate-Specific-Goal-Points/trace.zip

    ────────────────────────────────────────────────────────────────────────────────────────────────
]]>
</failure>
</testcase>
<testcase name="ECDEDEA-TP — EC DEDEA Bid Management (Tender Process) › TC-07: Invite BEC Members" classname="projects/EC-DEDEA-Bid-Management/test-plans/tender-process/ecdedea-tender-process.spec.ts" time="186.099">
<system-out>
<![CDATA[
[[ATTACHMENT|artifacts/projects-EC-DEDEA-Bid-Mana-449fa-ss-TC-07-Invite-BEC-Members/test-failed-1.png]]

[[ATTACHMENT|artifacts/projects-EC-DEDEA-Bid-Mana-449fa-ss-TC-07-Invite-BEC-Members/video.webm]]

[[ATTACHMENT|artifacts/projects-EC-DEDEA-Bid-Mana-449fa-ss-TC-07-Invite-BEC-Members/error-context.md]]

[[ATTACHMENT|artifacts/projects-EC-DEDEA-Bid-Mana-449fa-ss-TC-07-Invite-BEC-Members/trace.zip]]
]]>
</system-out>
<error message="Test timeout of 180000ms exceeded." type="Error">
<![CDATA[  projects/EC-DEDEA-Bid-Management/test-plans/tender-process/ecdedea-tender-process.spec.ts:581:7 › ECDEDEA-TP — EC DEDEA Bid Management (Tender Process) › TC-07: Invite BEC Members 

    Test timeout of 180000ms exceeded.

    Error: locator.click: Test timeout of 180000ms exceeded.
    Call log:
      - waiting for locator('.ant-picker-dropdown:not(.ant-picker-dropdown-hidden)').last().locator('td[title="2026-08-05"]')


      118 |     await dropdown.locator('.ant-picker-header-next-btn').first().click();
      119 |   }
    > 120 |   await cell.click();
          |              ^
      121 |   await dropdown.locator('.ant-picker-time-panel-column').first()
      122 |     .locator('.ant-picker-time-panel-cell-inner')
      123 |     .filter({ hasText: new RegExp(`^${hour}$`) }).first().click();
        at pickAntDateTime (/home/runner/work/Test-ReportsHub/Test-ReportsHub/projects/EC-DEDEA-Bid-Management/test-plans/tender-process/ecdedea-tender-process.spec.ts:120:14)
        at /home/runner/work/Test-ReportsHub/Test-ReportsHub/projects/EC-DEDEA-Bid-Management/test-plans/tender-process/ecdedea-tender-process.spec.ts:593:5

    attachment #1: screenshot (image/png) ──────────────────────────────────────────────────────────
    ci-results/artifacts/projects-EC-DEDEA-Bid-Mana-449fa-ss-TC-07-Invite-BEC-Members/test-failed-1.png
    ────────────────────────────────────────────────────────────────────────────────────────────────

    attachment #2: video (video/webm) ──────────────────────────────────────────────────────────────
    ci-results/artifacts/projects-EC-DEDEA-Bid-Mana-449fa-ss-TC-07-Invite-BEC-Members/video.webm
    ────────────────────────────────────────────────────────────────────────────────────────────────

    Error Context: ci-results/artifacts/projects-EC-DEDEA-Bid-Mana-449fa-ss-TC-07-Invite-BEC-Members/error-context.md

    attachment #4: trace (application/zip) ─────────────────────────────────────────────────────────
    ci-results/artifacts/projects-EC-DEDEA-Bid-Mana-449fa-ss-TC-07-Invite-BEC-Members/trace.zip
    Usage:

        npx playwright show-trace ci-results/artifacts/projects-EC-DEDEA-Bid-Mana-449fa-ss-TC-07-Invite-BEC-Members/trace.zip

    ────────────────────────────────────────────────────────────────────────────────────────────────
]]>
</error>
</testcase>
<testcase name="ECDEDEA-TP — EC DEDEA Bid Management (Tender Process) › TC-08: Confirm Attendance &amp; Open Evaluation" classname="projects/EC-DEDEA-Bid-Management/test-plans/tender-process/ecdedea-tender-process.spec.ts" time="55.967">
<system-out>
<![CDATA[
[[ATTACHMENT|artifacts/projects-EC-DEDEA-Bid-Mana-66237--Attendance-Open-Evaluation/test-failed-1.png]]

[[ATTACHMENT|artifacts/projects-EC-DEDEA-Bid-Mana-66237--Attendance-Open-Evaluation/video.webm]]

[[ATTACHMENT|artifacts/projects-EC-DEDEA-Bid-Mana-66237--Attendance-Open-Evaluation/error-context.md]]

[[ATTACHMENT|artifacts/projects-EC-DEDEA-Bid-Mana-66237--Attendance-Open-Evaluation/trace.zip]]
]]>
</system-out>
<failure message="expect(locator).toBeVisible() failed" type="expect.toBeVisible">
<![CDATA[  projects/EC-DEDEA-Bid-Management/test-plans/tender-process/ecdedea-tender-process.spec.ts:604:7 › ECDEDEA-TP — EC DEDEA Bid Management (Tender Process) › TC-08: Confirm Attendance & Open Evaluation 

    Error: expect(locator).toBeVisible() failed

    Locator: getByRole('row').filter({ hasText: 'ECDEDEA Automated Tender' }).filter({ hasText: 'Confirm Attendance and Open Evaluation' }).first()
    Expected: visible
    Timeout: 30000ms
    Error: element(s) not found

    Call log:
      - Expect "toBeVisible" getByRole('row').filter({ hasText: 'ECDEDEA Automated Tender' }).filter({ hasText: 'Confirm Attendance and Open Evaluation' }).first() with timeout 30000ms
      - waiting for getByRole('row').filter({ hasText: 'ECDEDEA Automated Tender' }).filter({ hasText: 'Confirm Attendance and Open Evaluation' }).first()


      183 |     .filter({ hasText: actionText })
      184 |     .first();
    > 185 |   await expect(targetRow).toBeVisible({ timeout: 30000 });
          |                           ^
      186 |   const rowHref = await targetRow.getByRole('link').first().getAttribute('href');
      187 |   await page.goto(rowHref!.startsWith('http') ? rowHref! : `${BASE}${rowHref}`);
      188 |   await page.waitForURL(/workflow-action/, { timeout: 30000 });
        at openInboxItem (/home/runner/work/Test-ReportsHub/Test-ReportsHub/projects/EC-DEDEA-Bid-Management/test-plans/tender-process/ecdedea-tender-process.spec.ts:185:27)
        at /home/runner/work/Test-ReportsHub/Test-ReportsHub/projects/EC-DEDEA-Bid-Management/test-plans/tender-process/ecdedea-tender-process.spec.ts:608:11

    attachment #1: screenshot (image/png) ──────────────────────────────────────────────────────────
    ci-results/artifacts/projects-EC-DEDEA-Bid-Mana-66237--Attendance-Open-Evaluation/test-failed-1.png
    ────────────────────────────────────────────────────────────────────────────────────────────────

    attachment #2: video (video/webm) ──────────────────────────────────────────────────────────────
    ci-results/artifacts/projects-EC-DEDEA-Bid-Mana-66237--Attendance-Open-Evaluation/video.webm
    ────────────────────────────────────────────────────────────────────────────────────────────────

    Error Context: ci-results/artifacts/projects-EC-DEDEA-Bid-Mana-66237--Attendance-Open-Evaluation/error-context.md

    attachment #4: trace (application/zip) ─────────────────────────────────────────────────────────
    ci-results/artifacts/projects-EC-DEDEA-Bid-Mana-66237--Attendance-Open-Evaluation/trace.zip
    Usage:

        npx playwright show-trace ci-results/artifacts/projects-EC-DEDEA-Bid-Mana-66237--Attendance-Open-Evaluation/trace.zip

    ────────────────────────────────────────────────────────────────────────────────────────────────
]]>
</failure>
</testcase>
<testcase name="ECDEDEA-TP — EC DEDEA Bid Management (Tender Process) › TC-09: Capture Functionality Scores" classname="projects/EC-DEDEA-Bid-Management/test-plans/tender-process/ecdedea-tender-process.spec.ts" time="48.618">
<system-out>
<![CDATA[
[[ATTACHMENT|artifacts/projects-EC-DEDEA-Bid-Mana-bfdb4-apture-Functionality-Scores/test-failed-1.png]]

[[ATTACHMENT|artifacts/projects-EC-DEDEA-Bid-Mana-bfdb4-apture-Functionality-Scores/video.webm]]

[[ATTACHMENT|artifacts/projects-EC-DEDEA-Bid-Mana-bfdb4-apture-Functionality-Scores/error-context.md]]

[[ATTACHMENT|artifacts/projects-EC-DEDEA-Bid-Mana-bfdb4-apture-Functionality-Scores/trace.zip]]
]]>
</system-out>
<failure message="expect(locator).toBeVisible() failed" type="expect.toBeVisible">
<![CDATA[  projects/EC-DEDEA-Bid-Management/test-plans/tender-process/ecdedea-tender-process.spec.ts:622:7 › ECDEDEA-TP — EC DEDEA Bid Management (Tender Process) › TC-09: Capture Functionality Scores 

    Error: expect(locator).toBeVisible() failed

    Locator: getByRole('link', { name: 'ECDEDEA Automated Tender' }).first()
    Expected: visible
    Timeout: 30000ms
    Error: element(s) not found

    Call log:
      - Expect "toBeVisible" getByRole('link', { name: 'ECDEDEA Automated Tender' }).first() with timeout 30000ms
      - waiting for getByRole('link', { name: 'ECDEDEA Automated Tender' }).first()


      635 |       }
      636 |       const card = page.getByRole('link', { name: RUN_REF || tenderMatch() }).first();
    > 637 |       await expect(card).toBeVisible({ timeout: 30000 });
          |                          ^
      638 |       const href = await card.getAttribute('href');
      639 |       await page.goto(`${BASE}${href}`);
      640 |
        at /home/runner/work/Test-ReportsHub/Test-ReportsHub/projects/EC-DEDEA-Bid-Management/test-plans/tender-process/ecdedea-tender-process.spec.ts:637:26

    attachment #1: screenshot (image/png) ──────────────────────────────────────────────────────────
    ci-results/artifacts/projects-EC-DEDEA-Bid-Mana-bfdb4-apture-Functionality-Scores/test-failed-1.png
    ────────────────────────────────────────────────────────────────────────────────────────────────

    attachment #2: video (video/webm) ──────────────────────────────────────────────────────────────
    ci-results/artifacts/projects-EC-DEDEA-Bid-Mana-bfdb4-apture-Functionality-Scores/video.webm
    ────────────────────────────────────────────────────────────────────────────────────────────────

    Error Context: ci-results/artifacts/projects-EC-DEDEA-Bid-Mana-bfdb4-apture-Functionality-Scores/error-context.md

    attachment #4: trace (application/zip) ─────────────────────────────────────────────────────────
    ci-results/artifacts/projects-EC-DEDEA-Bid-Mana-bfdb4-apture-Functionality-Scores/trace.zip
    Usage:

        npx playwright show-trace ci-results/artifacts/projects-EC-DEDEA-Bid-Mana-bfdb4-apture-Functionality-Scores/trace.zip

    ────────────────────────────────────────────────────────────────────────────────────────────────
]]>
</failure>
</testcase>
<testcase name="ECDEDEA-TP — EC DEDEA Bid Management (Tender Process) › TC-10: BEC: Monitor Evaluation Progress → Begin Calibration" classname="projects/EC-DEDEA-Bid-Management/test-plans/tender-process/ecdedea-tender-process.spec.ts" time="55.528">
<system-out>
<![CDATA[
[[ATTACHMENT|artifacts/projects-EC-DEDEA-Bid-Mana-49236-rogress-→-Begin-Calibration/test-failed-1.png]]

[[ATTACHMENT|artifacts/projects-EC-DEDEA-Bid-Mana-49236-rogress-→-Begin-Calibration/video.webm]]

[[ATTACHMENT|artifacts/projects-EC-DEDEA-Bid-Mana-49236-rogress-→-Begin-Calibration/error-context.md]]

[[ATTACHMENT|artifacts/projects-EC-DEDEA-Bid-Mana-49236-rogress-→-Begin-Calibration/trace.zip]]
]]>
</system-out>
<failure message="expect(locator).toBeVisible() failed" type="expect.toBeVisible">
<![CDATA[  projects/EC-DEDEA-Bid-Management/test-plans/tender-process/ecdedea-tender-process.spec.ts:651:7 › ECDEDEA-TP — EC DEDEA Bid Management (Tender Process) › TC-10: BEC: Monitor Evaluation Progress → Begin Calibration 

    Error: expect(locator).toBeVisible() failed

    Locator: getByRole('row').filter({ hasText: 'ECDEDEA Automated Tender' }).filter({ hasText: 'Monitor Evaluation Progress' }).first()
    Expected: visible
    Timeout: 30000ms
    Error: element(s) not found

    Call log:
      - Expect "toBeVisible" getByRole('row').filter({ hasText: 'ECDEDEA Automated Tender' }).filter({ hasText: 'Monitor Evaluation Progress' }).first() with timeout 30000ms
      - waiting for getByRole('row').filter({ hasText: 'ECDEDEA Automated Tender' }).filter({ hasText: 'Monitor Evaluation Progress' }).first()


      183 |     .filter({ hasText: actionText })
      184 |     .first();
    > 185 |   await expect(targetRow).toBeVisible({ timeout: 30000 });
          |                           ^
      186 |   const rowHref = await targetRow.getByRole('link').first().getAttribute('href');
      187 |   await page.goto(rowHref!.startsWith('http') ? rowHref! : `${BASE}${rowHref}`);
      188 |   await page.waitForURL(/workflow-action/, { timeout: 30000 });
        at openInboxItem (/home/runner/work/Test-ReportsHub/Test-ReportsHub/projects/EC-DEDEA-Bid-Management/test-plans/tender-process/ecdedea-tender-process.spec.ts:185:27)
        at /home/runner/work/Test-ReportsHub/Test-ReportsHub/projects/EC-DEDEA-Bid-Management/test-plans/tender-process/ecdedea-tender-process.spec.ts:655:11

    attachment #1: screenshot (image/png) ──────────────────────────────────────────────────────────
    ci-results/artifacts/projects-EC-DEDEA-Bid-Mana-49236-rogress-→-Begin-Calibration/test-failed-1.png
    ────────────────────────────────────────────────────────────────────────────────────────────────

    attachment #2: video (video/webm) ──────────────────────────────────────────────────────────────
    ci-results/artifacts/projects-EC-DEDEA-Bid-Mana-49236-rogress-→-Begin-Calibration/video.webm
    ────────────────────────────────────────────────────────────────────────────────────────────────

    Error Context: ci-results/artifacts/projects-EC-DEDEA-Bid-Mana-49236-rogress-→-Begin-Calibration/error-context.md

    attachment #4: trace (application/zip) ─────────────────────────────────────────────────────────
    ci-results/artifacts/projects-EC-DEDEA-Bid-Mana-49236-rogress-→-Begin-Calibration/trace.zip
    Usage:

        npx playwright show-trace ci-results/artifacts/projects-EC-DEDEA-Bid-Mana-49236-rogress-→-Begin-Calibration/trace.zip

    ────────────────────────────────────────────────────────────────────────────────────────────────
]]>
</failure>
</testcase>
<testcase name="ECDEDEA-TP — EC DEDEA Bid Management (Tender Process) › TC-11: Monitor Calibration and Finalise Scoring" classname="projects/EC-DEDEA-Bid-Management/test-plans/tender-process/ecdedea-tender-process.spec.ts" time="54.978">
<system-out>
<![CDATA[
[[ATTACHMENT|artifacts/projects-EC-DEDEA-Bid-Mana-c9e50-ration-and-Finalise-Scoring/test-failed-1.png]]

[[ATTACHMENT|artifacts/projects-EC-DEDEA-Bid-Mana-c9e50-ration-and-Finalise-Scoring/video.webm]]

[[ATTACHMENT|artifacts/projects-EC-DEDEA-Bid-Mana-c9e50-ration-and-Finalise-Scoring/error-context.md]]

[[ATTACHMENT|artifacts/projects-EC-DEDEA-Bid-Mana-c9e50-ration-and-Finalise-Scoring/trace.zip]]
]]>
</system-out>
<failure message="expect(locator).toBeVisible() failed" type="expect.toBeVisible">
<![CDATA[  projects/EC-DEDEA-Bid-Management/test-plans/tender-process/ecdedea-tender-process.spec.ts:666:7 › ECDEDEA-TP — EC DEDEA Bid Management (Tender Process) › TC-11: Monitor Calibration and Finalise Scoring 

    Error: expect(locator).toBeVisible() failed

    Locator: getByRole('row').filter({ hasText: 'ECDEDEA Automated Tender' }).filter({ hasText: 'Monitor calibration and finalise scoring' }).first()
    Expected: visible
    Timeout: 30000ms
    Error: element(s) not found

    Call log:
      - Expect "toBeVisible" getByRole('row').filter({ hasText: 'ECDEDEA Automated Tender' }).filter({ hasText: 'Monitor calibration and finalise scoring' }).first() with timeout 30000ms
      - waiting for getByRole('row').filter({ hasText: 'ECDEDEA Automated Tender' }).filter({ hasText: 'Monitor calibration and finalise scoring' }).first()


      183 |     .filter({ hasText: actionText })
      184 |     .first();
    > 185 |   await expect(targetRow).toBeVisible({ timeout: 30000 });
          |                           ^
      186 |   const rowHref = await targetRow.getByRole('link').first().getAttribute('href');
      187 |   await page.goto(rowHref!.startsWith('http') ? rowHref! : `${BASE}${rowHref}`);
      188 |   await page.waitForURL(/workflow-action/, { timeout: 30000 });
        at openInboxItem (/home/runner/work/Test-ReportsHub/Test-ReportsHub/projects/EC-DEDEA-Bid-Management/test-plans/tender-process/ecdedea-tender-process.spec.ts:185:27)
        at /home/runner/work/Test-ReportsHub/Test-ReportsHub/projects/EC-DEDEA-Bid-Management/test-plans/tender-process/ecdedea-tender-process.spec.ts:670:11

    attachment #1: screenshot (image/png) ──────────────────────────────────────────────────────────
    ci-results/artifacts/projects-EC-DEDEA-Bid-Mana-c9e50-ration-and-Finalise-Scoring/test-failed-1.png
    ────────────────────────────────────────────────────────────────────────────────────────────────

    attachment #2: video (video/webm) ──────────────────────────────────────────────────────────────
    ci-results/artifacts/projects-EC-DEDEA-Bid-Mana-c9e50-ration-and-Finalise-Scoring/video.webm
    ────────────────────────────────────────────────────────────────────────────────────────────────

    Error Context: ci-results/artifacts/projects-EC-DEDEA-Bid-Mana-c9e50-ration-and-Finalise-Scoring/error-context.md

    attachment #4: trace (application/zip) ─────────────────────────────────────────────────────────
    ci-results/artifacts/projects-EC-DEDEA-Bid-Mana-c9e50-ration-and-Finalise-Scoring/trace.zip
    Usage:

        npx playwright show-trace ci-results/artifacts/projects-EC-DEDEA-Bid-Mana-c9e50-ration-and-Finalise-Scoring/trace.zip

    ────────────────────────────────────────────────────────────────────────────────────────────────
]]>
</failure>
</testcase>
<testcase name="ECDEDEA-TP — EC DEDEA Bid Management (Tender Process) › TC-12: BEC: Finalise Recommendation" classname="projects/EC-DEDEA-Bid-Management/test-plans/tender-process/ecdedea-tender-process.spec.ts" time="55.059">
<system-out>
<![CDATA[
[[ATTACHMENT|artifacts/projects-EC-DEDEA-Bid-Mana-65db4-BEC-Finalise-Recommendation/test-failed-1.png]]

[[ATTACHMENT|artifacts/projects-EC-DEDEA-Bid-Mana-65db4-BEC-Finalise-Recommendation/video.webm]]

[[ATTACHMENT|artifacts/projects-EC-DEDEA-Bid-Mana-65db4-BEC-Finalise-Recommendation/error-context.md]]

[[ATTACHMENT|artifacts/projects-EC-DEDEA-Bid-Mana-65db4-BEC-Finalise-Recommendation/trace.zip]]
]]>
</system-out>
<failure message="expect(locator).toBeVisible() failed" type="expect.toBeVisible">
<![CDATA[  projects/EC-DEDEA-Bid-Management/test-plans/tender-process/ecdedea-tender-process.spec.ts:684:7 › ECDEDEA-TP — EC DEDEA Bid Management (Tender Process) › TC-12: BEC: Finalise Recommendation 

    Error: expect(locator).toBeVisible() failed

    Locator: getByRole('row').filter({ hasText: 'ECDEDEA Automated Tender' }).filter({ hasText: 'BEC: Finalise recommendation' }).first()
    Expected: visible
    Timeout: 30000ms
    Error: element(s) not found

    Call log:
      - Expect "toBeVisible" getByRole('row').filter({ hasText: 'ECDEDEA Automated Tender' }).filter({ hasText: 'BEC: Finalise recommendation' }).first() with timeout 30000ms
      - waiting for getByRole('row').filter({ hasText: 'ECDEDEA Automated Tender' }).filter({ hasText: 'BEC: Finalise recommendation' }).first()


      183 |     .filter({ hasText: actionText })
      184 |     .first();
    > 185 |   await expect(targetRow).toBeVisible({ timeout: 30000 });
          |                           ^
      186 |   const rowHref = await targetRow.getByRole('link').first().getAttribute('href');
      187 |   await page.goto(rowHref!.startsWith('http') ? rowHref! : `${BASE}${rowHref}`);
      188 |   await page.waitForURL(/workflow-action/, { timeout: 30000 });
        at openInboxItem (/home/runner/work/Test-ReportsHub/Test-ReportsHub/projects/EC-DEDEA-Bid-Management/test-plans/tender-process/ecdedea-tender-process.spec.ts:185:27)
        at /home/runner/work/Test-ReportsHub/Test-ReportsHub/projects/EC-DEDEA-Bid-Management/test-plans/tender-process/ecdedea-tender-process.spec.ts:688:11

    attachment #1: screenshot (image/png) ──────────────────────────────────────────────────────────
    ci-results/artifacts/projects-EC-DEDEA-Bid-Mana-65db4-BEC-Finalise-Recommendation/test-failed-1.png
    ────────────────────────────────────────────────────────────────────────────────────────────────

    attachment #2: video (video/webm) ──────────────────────────────────────────────────────────────
    ci-results/artifacts/projects-EC-DEDEA-Bid-Mana-65db4-BEC-Finalise-Recommendation/video.webm
    ────────────────────────────────────────────────────────────────────────────────────────────────

    Error Context: ci-results/artifacts/projects-EC-DEDEA-Bid-Mana-65db4-BEC-Finalise-Recommendation/error-context.md

    attachment #4: trace (application/zip) ─────────────────────────────────────────────────────────
    ci-results/artifacts/projects-EC-DEDEA-Bid-Mana-65db4-BEC-Finalise-Recommendation/trace.zip
    Usage:

        npx playwright show-trace ci-results/artifacts/projects-EC-DEDEA-Bid-Mana-65db4-BEC-Finalise-Recommendation/trace.zip

    ────────────────────────────────────────────────────────────────────────────────────────────────
]]>
</failure>
</testcase>
<testcase name="ECDEDEA-TP — EC DEDEA Bid Management (Tender Process) › TC-13: Capture Outcome from the BAC" classname="projects/EC-DEDEA-Bid-Management/test-plans/tender-process/ecdedea-tender-process.spec.ts" time="55.207">
<system-out>
<![CDATA[
[[ATTACHMENT|artifacts/projects-EC-DEDEA-Bid-Mana-6f455-apture-Outcome-from-the-BAC/test-failed-1.png]]

[[ATTACHMENT|artifacts/projects-EC-DEDEA-Bid-Mana-6f455-apture-Outcome-from-the-BAC/video.webm]]

[[ATTACHMENT|artifacts/projects-EC-DEDEA-Bid-Mana-6f455-apture-Outcome-from-the-BAC/error-context.md]]

[[ATTACHMENT|artifacts/projects-EC-DEDEA-Bid-Mana-6f455-apture-Outcome-from-the-BAC/trace.zip]]
]]>
</system-out>
<failure message="expect(locator).toBeVisible() failed" type="expect.toBeVisible">
<![CDATA[  projects/EC-DEDEA-Bid-Management/test-plans/tender-process/ecdedea-tender-process.spec.ts:704:7 › ECDEDEA-TP — EC DEDEA Bid Management (Tender Process) › TC-13: Capture Outcome from the BAC 

    Error: expect(locator).toBeVisible() failed

    Locator: getByRole('row').filter({ hasText: 'ECDEDEA Automated Tender' }).filter({ hasText: 'Capture outcome from the BAC' }).first()
    Expected: visible
    Timeout: 30000ms
    Error: element(s) not found

    Call log:
      - Expect "toBeVisible" getByRole('row').filter({ hasText: 'ECDEDEA Automated Tender' }).filter({ hasText: 'Capture outcome from the BAC' }).first() with timeout 30000ms
      - waiting for getByRole('row').filter({ hasText: 'ECDEDEA Automated Tender' }).filter({ hasText: 'Capture outcome from the BAC' }).first()


      183 |     .filter({ hasText: actionText })
      184 |     .first();
    > 185 |   await expect(targetRow).toBeVisible({ timeout: 30000 });
          |                           ^
      186 |   const rowHref = await targetRow.getByRole('link').first().getAttribute('href');
      187 |   await page.goto(rowHref!.startsWith('http') ? rowHref! : `${BASE}${rowHref}`);
      188 |   await page.waitForURL(/workflow-action/, { timeout: 30000 });
        at openInboxItem (/home/runner/work/Test-ReportsHub/Test-ReportsHub/projects/EC-DEDEA-Bid-Management/test-plans/tender-process/ecdedea-tender-process.spec.ts:185:27)
        at /home/runner/work/Test-ReportsHub/Test-ReportsHub/projects/EC-DEDEA-Bid-Management/test-plans/tender-process/ecdedea-tender-process.spec.ts:708:11

    attachment #1: screenshot (image/png) ──────────────────────────────────────────────────────────
    ci-results/artifacts/projects-EC-DEDEA-Bid-Mana-6f455-apture-Outcome-from-the-BAC/test-failed-1.png
    ────────────────────────────────────────────────────────────────────────────────────────────────

    attachment #2: video (video/webm) ──────────────────────────────────────────────────────────────
    ci-results/artifacts/projects-EC-DEDEA-Bid-Mana-6f455-apture-Outcome-from-the-BAC/video.webm
    ────────────────────────────────────────────────────────────────────────────────────────────────

    Error Context: ci-results/artifacts/projects-EC-DEDEA-Bid-Mana-6f455-apture-Outcome-from-the-BAC/error-context.md

    attachment #4: trace (application/zip) ─────────────────────────────────────────────────────────
    ci-results/artifacts/projects-EC-DEDEA-Bid-Mana-6f455-apture-Outcome-from-the-BAC/trace.zip
    Usage:

        npx playwright show-trace ci-results/artifacts/projects-EC-DEDEA-Bid-Mana-6f455-apture-Outcome-from-the-BAC/trace.zip

    ────────────────────────────────────────────────────────────────────────────────────────────────
]]>
</failure>
</testcase>
<testcase name="ECDEDEA-TP — EC DEDEA Bid Management (Tender Process) › TC-14: Approve Recommendation from BAC" classname="projects/EC-DEDEA-Bid-Management/test-plans/tender-process/ecdedea-tender-process.spec.ts" time="57.466">
<system-out>
<![CDATA[
[[ATTACHMENT|artifacts/projects-EC-DEDEA-Bid-Mana-814e7-ove-Recommendation-from-BAC/test-failed-1.png]]

[[ATTACHMENT|artifacts/projects-EC-DEDEA-Bid-Mana-814e7-ove-Recommendation-from-BAC/video.webm]]

[[ATTACHMENT|artifacts/projects-EC-DEDEA-Bid-Mana-814e7-ove-Recommendation-from-BAC/error-context.md]]

[[ATTACHMENT|artifacts/projects-EC-DEDEA-Bid-Mana-814e7-ove-Recommendation-from-BAC/trace.zip]]
]]>
</system-out>
<failure message="expect(locator).toBeVisible() failed" type="expect.toBeVisible">
<![CDATA[  projects/EC-DEDEA-Bid-Management/test-plans/tender-process/ecdedea-tender-process.spec.ts:721:7 › ECDEDEA-TP — EC DEDEA Bid Management (Tender Process) › TC-14: Approve Recommendation from BAC 

    Error: expect(locator).toBeVisible() failed

    Locator: getByRole('row').filter({ hasText: 'ECDEDEA Automated Tender' }).filter({ hasText: 'Approve Recommendation from BAC' }).first()
    Expected: visible
    Timeout: 30000ms
    Error: element(s) not found

    Call log:
      - Expect "toBeVisible" getByRole('row').filter({ hasText: 'ECDEDEA Automated Tender' }).filter({ hasText: 'Approve Recommendation from BAC' }).first() with timeout 30000ms
      - waiting for getByRole('row').filter({ hasText: 'ECDEDEA Automated Tender' }).filter({ hasText: 'Approve Recommendation from BAC' }).first()


      183 |     .filter({ hasText: actionText })
      184 |     .first();
    > 185 |   await expect(targetRow).toBeVisible({ timeout: 30000 });
          |                           ^
      186 |   const rowHref = await targetRow.getByRole('link').first().getAttribute('href');
      187 |   await page.goto(rowHref!.startsWith('http') ? rowHref! : `${BASE}${rowHref}`);
      188 |   await page.waitForURL(/workflow-action/, { timeout: 30000 });
        at openInboxItem (/home/runner/work/Test-ReportsHub/Test-ReportsHub/projects/EC-DEDEA-Bid-Management/test-plans/tender-process/ecdedea-tender-process.spec.ts:185:27)
        at /home/runner/work/Test-ReportsHub/Test-ReportsHub/projects/EC-DEDEA-Bid-Management/test-plans/tender-process/ecdedea-tender-process.spec.ts:725:11

    attachment #1: screenshot (image/png) ──────────────────────────────────────────────────────────
    ci-results/artifacts/projects-EC-DEDEA-Bid-Mana-814e7-ove-Recommendation-from-BAC/test-failed-1.png
    ────────────────────────────────────────────────────────────────────────────────────────────────

    attachment #2: video (video/webm) ──────────────────────────────────────────────────────────────
    ci-results/artifacts/projects-EC-DEDEA-Bid-Mana-814e7-ove-Recommendation-from-BAC/video.webm
    ────────────────────────────────────────────────────────────────────────────────────────────────

    Error Context: ci-results/artifacts/projects-EC-DEDEA-Bid-Mana-814e7-ove-Recommendation-from-BAC/error-context.md

    attachment #4: trace (application/zip) ─────────────────────────────────────────────────────────
    ci-results/artifacts/projects-EC-DEDEA-Bid-Mana-814e7-ove-Recommendation-from-BAC/trace.zip
    Usage:

        npx playwright show-trace ci-results/artifacts/projects-EC-DEDEA-Bid-Mana-814e7-ove-Recommendation-from-BAC/trace.zip

    ────────────────────────────────────────────────────────────────────────────────────────────────
]]>
</failure>
</testcase>
<testcase name="ECDEDEA-TP — EC DEDEA Bid Management (Tender Process) › TC-15: Upload Appointment Letter" classname="projects/EC-DEDEA-Bid-Management/test-plans/tender-process/ecdedea-tender-process.spec.ts" time="56.055">
<system-out>
<![CDATA[
[[ATTACHMENT|artifacts/projects-EC-DEDEA-Bid-Mana-ca799-5-Upload-Appointment-Letter/test-failed-1.png]]

[[ATTACHMENT|artifacts/projects-EC-DEDEA-Bid-Mana-ca799-5-Upload-Appointment-Letter/video.webm]]

[[ATTACHMENT|artifacts/projects-EC-DEDEA-Bid-Mana-ca799-5-Upload-Appointment-Letter/error-context.md]]

[[ATTACHMENT|artifacts/projects-EC-DEDEA-Bid-Mana-ca799-5-Upload-Appointment-Letter/trace.zip]]
]]>
</system-out>
<failure message="expect(locator).toBeVisible() failed" type="expect.toBeVisible">
<![CDATA[  projects/EC-DEDEA-Bid-Management/test-plans/tender-process/ecdedea-tender-process.spec.ts:737:7 › ECDEDEA-TP — EC DEDEA Bid Management (Tender Process) › TC-15: Upload Appointment Letter 

    Error: expect(locator).toBeVisible() failed

    Locator: getByRole('row').filter({ hasText: 'ECDEDEA Automated Tender' }).filter({ hasText: 'Upload Appointment letter' }).first()
    Expected: visible
    Timeout: 30000ms
    Error: element(s) not found

    Call log:
      - Expect "toBeVisible" getByRole('row').filter({ hasText: 'ECDEDEA Automated Tender' }).filter({ hasText: 'Upload Appointment letter' }).first() with timeout 30000ms
      - waiting for getByRole('row').filter({ hasText: 'ECDEDEA Automated Tender' }).filter({ hasText: 'Upload Appointment letter' }).first()


      183 |     .filter({ hasText: actionText })
      184 |     .first();
    > 185 |   await expect(targetRow).toBeVisible({ timeout: 30000 });
          |                           ^
      186 |   const rowHref = await targetRow.getByRole('link').first().getAttribute('href');
      187 |   await page.goto(rowHref!.startsWith('http') ? rowHref! : `${BASE}${rowHref}`);
      188 |   await page.waitForURL(/workflow-action/, { timeout: 30000 });
        at openInboxItem (/home/runner/work/Test-ReportsHub/Test-ReportsHub/projects/EC-DEDEA-Bid-Management/test-plans/tender-process/ecdedea-tender-process.spec.ts:185:27)
        at /home/runner/work/Test-ReportsHub/Test-ReportsHub/projects/EC-DEDEA-Bid-Management/test-plans/tender-process/ecdedea-tender-process.spec.ts:741:11

    attachment #1: screenshot (image/png) ──────────────────────────────────────────────────────────
    ci-results/artifacts/projects-EC-DEDEA-Bid-Mana-ca799-5-Upload-Appointment-Letter/test-failed-1.png
    ────────────────────────────────────────────────────────────────────────────────────────────────

    attachment #2: video (video/webm) ──────────────────────────────────────────────────────────────
    ci-results/artifacts/projects-EC-DEDEA-Bid-Mana-ca799-5-Upload-Appointment-Letter/video.webm
    ────────────────────────────────────────────────────────────────────────────────────────────────

    Error Context: ci-results/artifacts/projects-EC-DEDEA-Bid-Mana-ca799-5-Upload-Appointment-Letter/error-context.md

    attachment #4: trace (application/zip) ─────────────────────────────────────────────────────────
    ci-results/artifacts/projects-EC-DEDEA-Bid-Mana-ca799-5-Upload-Appointment-Letter/trace.zip
    Usage:

        npx playwright show-trace ci-results/artifacts/projects-EC-DEDEA-Bid-Mana-ca799-5-Upload-Appointment-Letter/trace.zip

    ────────────────────────────────────────────────────────────────────────────────────────────────
]]>
</failure>
</testcase>
<testcase name="ECDEDEA-TP — EC DEDEA Bid Management (Tender Process) › TC-16: Capture Order Details" classname="projects/EC-DEDEA-Bid-Management/test-plans/tender-process/ecdedea-tender-process.spec.ts" time="46.65">
<system-out>
<![CDATA[
[[ATTACHMENT|artifacts/projects-EC-DEDEA-Bid-Mana-c1eed-TC-16-Capture-Order-Details/test-failed-1.png]]

[[ATTACHMENT|artifacts/projects-EC-DEDEA-Bid-Mana-c1eed-TC-16-Capture-Order-Details/video.webm]]

[[ATTACHMENT|artifacts/projects-EC-DEDEA-Bid-Mana-c1eed-TC-16-Capture-Order-Details/error-context.md]]

[[ATTACHMENT|artifacts/projects-EC-DEDEA-Bid-Mana-c1eed-TC-16-Capture-Order-Details/trace.zip]]
]]>
</system-out>
<failure message="expect(locator).toBeEnabled() failed" type="expect.toBeEnabled">
<![CDATA[  projects/EC-DEDEA-Bid-Management/test-plans/tender-process/ecdedea-tender-process.spec.ts:765:7 › ECDEDEA-TP — EC DEDEA Bid Management (Tender Process) › TC-16: Capture Order Details 

    Error: expect(locator).toBeEnabled() failed

    Locator:  getByRole('button', { name: 'Submit', exact: true })
    Expected: enabled
    Received: disabled
    Timeout:  15000ms

    Call log:
      - Expect "toBeEnabled" getByRole('button', { name: 'Submit', exact: true }) with timeout 15000ms
      - waiting for getByRole('button', { name: 'Submit', exact: true })
        33 × locator resolved to <button title="" disabled type="button" class="ant-btn css-1lo1l9k css-var-Rkq ant-btn-primary sha-toolbar-btn sha-toolbar-btn-configurable">…</button>
           - unexpected value "disabled"


      811 |
      812 |     const submit = page.getByRole('button', { name: 'Submit', exact: true });
    > 813 |     await expect(submit).toBeEnabled({ timeout: 15000 });
          |                          ^
      814 |     await clickOnceAndAwait(submit, async () => /workflows-(my-items|inbox)/.test(page.url()), 'Capture Order Details');
      815 |   });
      816 | });
        at /home/runner/work/Test-ReportsHub/Test-ReportsHub/projects/EC-DEDEA-Bid-Management/test-plans/tender-process/ecdedea-tender-process.spec.ts:813:26

    attachment #1: screenshot (image/png) ──────────────────────────────────────────────────────────
    ci-results/artifacts/projects-EC-DEDEA-Bid-Mana-c1eed-TC-16-Capture-Order-Details/test-failed-1.png
    ────────────────────────────────────────────────────────────────────────────────────────────────

    attachment #2: video (video/webm) ──────────────────────────────────────────────────────────────
    ci-results/artifacts/projects-EC-DEDEA-Bid-Mana-c1eed-TC-16-Capture-Order-Details/video.webm
    ────────────────────────────────────────────────────────────────────────────────────────────────

    Error Context: ci-results/artifacts/projects-EC-DEDEA-Bid-Mana-c1eed-TC-16-Capture-Order-Details/error-context.md

    attachment #4: trace (application/zip) ─────────────────────────────────────────────────────────
    ci-results/artifacts/projects-EC-DEDEA-Bid-Mana-c1eed-TC-16-Capture-Order-Details/trace.zip
    Usage:

        npx playwright show-trace ci-results/artifacts/projects-EC-DEDEA-Bid-Mana-c1eed-TC-16-Capture-Order-Details/trace.zip

    ────────────────────────────────────────────────────────────────────────────────────────────────
]]>
</failure>
</testcase>
</testsuite>
</testsuites>