<testsuites id="" name="" tests="3" failures="0" skipped="0" errors="1" time="136.43759">
<testsuite name="projects/dispatcher/test-plans/service-requests/create-service-request.spec.ts" timestamp="2026-05-28T12:39:10.270Z" hostname="" tests="3" failures="0" skipped="0" time="135.166" errors="1">
<testcase name="Create Service Request › TC-01: Login as Admin" classname="projects/dispatcher/test-plans/service-requests/create-service-request.spec.ts" time="22.936">
</testcase>
<testcase name="Create Service Request › TC-02: Navigate to Service Requests" classname="projects/dispatcher/test-plans/service-requests/create-service-request.spec.ts" time="18.902">
</testcase>
<testcase name="Create Service Request › TC-03: Create a Service Request" classname="projects/dispatcher/test-plans/service-requests/create-service-request.spec.ts" time="93.328">
<system-out>
<![CDATA[
[[ATTACHMENT|artifacts/projects-dispatcher-test-p-1fe34-03-Create-a-Service-Request/test-failed-1.png]]

[[ATTACHMENT|artifacts/projects-dispatcher-test-p-1fe34-03-Create-a-Service-Request/video.webm]]

[[ATTACHMENT|artifacts/projects-dispatcher-test-p-1fe34-03-Create-a-Service-Request/error-context.md]]

[[ATTACHMENT|artifacts/projects-dispatcher-test-p-1fe34-03-Create-a-Service-Request/trace.zip]]
]]>
</system-out>
<error message="Test timeout of 90000ms exceeded." type="Error">
<![CDATA[  projects/dispatcher/test-plans/service-requests/create-service-request.spec.ts:66:7 › Create Service Request › TC-03: Create a Service Request 

    Test timeout of 90000ms exceeded.

    Error: locator.click: Test timeout of 90000ms exceeded.
    Call log:
      - waiting for getByRole('dialog').first().getByRole('combobox', { name: 'Channel' })


      89 |     // STEP 5: SELECT / TYPE each mandatory field on the form with valid values
      90 |     // Channel — Ant Design combobox; pick first available option
    > 91 |     await dialog.getByRole('combobox', { name: 'Channel' }).click();
         |                                                             ^
      92 |     await page.getByRole('option').first().click();
      93 |
      94 |     // Mobile Number
        at /home/runner/work/Test-ReportsHub/Test-ReportsHub/projects/dispatcher/test-plans/service-requests/create-service-request.spec.ts:91:61

    attachment #1: screenshot (image/png) ──────────────────────────────────────────────────────────
    ci-results/artifacts/projects-dispatcher-test-p-1fe34-03-Create-a-Service-Request/test-failed-1.png
    ────────────────────────────────────────────────────────────────────────────────────────────────

    attachment #2: video (video/webm) ──────────────────────────────────────────────────────────────
    ci-results/artifacts/projects-dispatcher-test-p-1fe34-03-Create-a-Service-Request/video.webm
    ────────────────────────────────────────────────────────────────────────────────────────────────

    Error Context: ci-results/artifacts/projects-dispatcher-test-p-1fe34-03-Create-a-Service-Request/error-context.md

    attachment #4: trace (application/zip) ─────────────────────────────────────────────────────────
    ci-results/artifacts/projects-dispatcher-test-p-1fe34-03-Create-a-Service-Request/trace.zip
    Usage:

        npx playwright show-trace ci-results/artifacts/projects-dispatcher-test-p-1fe34-03-Create-a-Service-Request/trace.zip

    ────────────────────────────────────────────────────────────────────────────────────────────────
]]>
</error>
</testcase>
</testsuite>
</testsuites>