<testsuites id="" name="" tests="23" failures="14" skipped="0" errors="5" time="1111.495085">
<testsuite name="projects/ITS/test-plans/BAS/register-and-upload-invoice.spec.ts" timestamp="2026-09-11T08:36:38.447Z" hostname="" tests="23" failures="14" skipped="0" time="1084.255" errors="5">
<testcase name="TC-01 — Login as Admin" classname="projects/ITS/test-plans/BAS/register-and-upload-invoice.spec.ts" time="90.585">
<system-out>
<![CDATA[
[[ATTACHMENT|artifacts/projects-ITS-test-plans-BA-aecfd-oice-TC-01-—-Login-as-Admin/test-failed-1.png]]

[[ATTACHMENT|artifacts/projects-ITS-test-plans-BA-aecfd-oice-TC-01-—-Login-as-Admin/video.webm]]

[[ATTACHMENT|artifacts/projects-ITS-test-plans-BA-aecfd-oice-TC-01-—-Login-as-Admin/error-context.md]]

[[ATTACHMENT|artifacts/projects-ITS-test-plans-BA-aecfd-oice-TC-01-—-Login-as-Admin/trace.zip]]
]]>
</system-out>
<error message="Test timeout of 90000ms exceeded." type="Error">
<![CDATA[  projects/ITS/test-plans/BAS/register-and-upload-invoice.spec.ts:5:5 › TC-01 — Login as Admin ─────

    Test timeout of 90000ms exceeded.

    Error: locator.fill: Test timeout of 90000ms exceeded.
    Call log:
      - waiting for getByPlaceholder(/username/i)


      11 |
      12 |   // STEP 3: TYPE Username field with `admin`
    > 13 |   await page.getByPlaceholder(/username/i).fill('admin');
         |                                            ^
      14 |
      15 |   // STEP 4: TYPE Password field with `123qwe`
      16 |   await page.getByPlaceholder(/password/i).fill('123qwe');
        at /home/runner/work/Test-ReportsHub/Test-ReportsHub/projects/ITS/test-plans/BAS/register-and-upload-invoice.spec.ts:13:44

    attachment #1: screenshot (image/png) ──────────────────────────────────────────────────────────
    ci-results/artifacts/projects-ITS-test-plans-BA-aecfd-oice-TC-01-—-Login-as-Admin/test-failed-1.png
    ────────────────────────────────────────────────────────────────────────────────────────────────

    attachment #2: video (video/webm) ──────────────────────────────────────────────────────────────
    ci-results/artifacts/projects-ITS-test-plans-BA-aecfd-oice-TC-01-—-Login-as-Admin/video.webm
    ────────────────────────────────────────────────────────────────────────────────────────────────

    Error Context: ci-results/artifacts/projects-ITS-test-plans-BA-aecfd-oice-TC-01-—-Login-as-Admin/error-context.md

    attachment #4: trace (application/zip) ─────────────────────────────────────────────────────────
    ci-results/artifacts/projects-ITS-test-plans-BA-aecfd-oice-TC-01-—-Login-as-Admin/trace.zip
    Usage:

        npx playwright show-trace ci-results/artifacts/projects-ITS-test-plans-BA-aecfd-oice-TC-01-—-Login-as-Admin/trace.zip

    ────────────────────────────────────────────────────────────────────────────────────────────────
]]>
</error>
</testcase>
<testcase name="TC-02 — Click on the Workflow menu item" classname="projects/ITS/test-plans/BAS/register-and-upload-invoice.spec.ts" time="80.958">
<system-out>
<![CDATA[
[[ATTACHMENT|artifacts/projects-ITS-test-plans-BA-45a07-k-on-the-Workflow-menu-item/test-failed-1.png]]

[[ATTACHMENT|artifacts/projects-ITS-test-plans-BA-45a07-k-on-the-Workflow-menu-item/video.webm]]

[[ATTACHMENT|artifacts/projects-ITS-test-plans-BA-45a07-k-on-the-Workflow-menu-item/error-context.md]]

[[ATTACHMENT|artifacts/projects-ITS-test-plans-BA-45a07-k-on-the-Workflow-menu-item/trace.zip]]
]]>
</system-out>
<failure message="expect(locator).toBeVisible() failed" type="expect.toBeVisible">
<![CDATA[  projects/ITS/test-plans/BAS/register-and-upload-invoice.spec.ts:28:5 › TC-02 — Click on the Workflow menu item 

    Error: expect(locator).toBeVisible() failed

    Locator: getByRole('menuitem', { name: /workflow/i }).or(getByText(/workflow/i).first())
    Expected: visible
    Error: strict mode violation: getByRole('menuitem', { name: /workflow/i }).or(getByText(/workflow/i).first()) resolved to 2 elements:
        1) <div tabindex="-1" role="menuitem" aria-haspopup="true" aria-expanded="false" class="ant-menu-submenu-title" data-menu-id="rc-menu-uuid-76258-1-dhR5E82xtvBDZ-IPa-u5V" aria-controls="rc-menu-uuid-76258-1-dhR5E82xtvBDZ-IPa-u5V-popup">…</div> aka getByRole('menuitem', { name: 'deployment-unit Workflows' })
        2) <span class="nav-links-renderer is-parent-menu">Workflows</span> aka getByText('Workflows')

    Call log:
      - Expect "toBeVisible" getByRole('menuitem', { name: /workflow/i }).or(getByText(/workflow/i).first()) with timeout 5000ms
      - waiting for getByRole('menuitem', { name: /workflow/i }).or(getByText(/workflow/i).first())


      34 |
      35 |   // STEP 1: SNAPSHOT — confirm the target element for: Click on the Workflow menu item
    > 36 |   await expect(page.getByRole('menuitem', { name: /workflow/i }).or(page.getByText(/workflow/i).first())).toBeVisible();
         |                                                                                                           ^
      37 |
      38 |   // STEP 2: CLICK the Workflow menu item
      39 |   await page.getByRole('menuitem', { name: /workflow/i }).or(page.getByText(/^Workflow$/i).first()).click();
        at /home/runner/work/Test-ReportsHub/Test-ReportsHub/projects/ITS/test-plans/BAS/register-and-upload-invoice.spec.ts:36:107

    attachment #1: screenshot (image/png) ──────────────────────────────────────────────────────────
    ci-results/artifacts/projects-ITS-test-plans-BA-45a07-k-on-the-Workflow-menu-item/test-failed-1.png
    ────────────────────────────────────────────────────────────────────────────────────────────────

    attachment #2: video (video/webm) ──────────────────────────────────────────────────────────────
    ci-results/artifacts/projects-ITS-test-plans-BA-45a07-k-on-the-Workflow-menu-item/video.webm
    ────────────────────────────────────────────────────────────────────────────────────────────────

    Error Context: ci-results/artifacts/projects-ITS-test-plans-BA-45a07-k-on-the-Workflow-menu-item/error-context.md

    attachment #4: trace (application/zip) ─────────────────────────────────────────────────────────
    ci-results/artifacts/projects-ITS-test-plans-BA-45a07-k-on-the-Workflow-menu-item/trace.zip
    Usage:

        npx playwright show-trace ci-results/artifacts/projects-ITS-test-plans-BA-45a07-k-on-the-Workflow-menu-item/trace.zip

    ────────────────────────────────────────────────────────────────────────────────────────────────
]]>
</failure>
</testcase>
<testcase name="TC-03 — Click on the My Items submenu item" classname="projects/ITS/test-plans/BAS/register-and-upload-invoice.spec.ts" time="27.936">
<system-out>
<![CDATA[
[[ATTACHMENT|artifacts/projects-ITS-test-plans-BA-500db-n-the-My-Items-submenu-item/test-failed-1.png]]

[[ATTACHMENT|artifacts/projects-ITS-test-plans-BA-500db-n-the-My-Items-submenu-item/video.webm]]

[[ATTACHMENT|artifacts/projects-ITS-test-plans-BA-500db-n-the-My-Items-submenu-item/error-context.md]]

[[ATTACHMENT|artifacts/projects-ITS-test-plans-BA-500db-n-the-My-Items-submenu-item/trace.zip]]
]]>
</system-out>
<failure message="expect(locator).toBeVisible() failed" type="expect.toBeVisible">
<![CDATA[  projects/ITS/test-plans/BAS/register-and-upload-invoice.spec.ts:46:5 › TC-03 — Click on the My Items submenu item 

    Error: expect(locator).toBeVisible() failed

    Locator: getByRole('button', { name: /create new/i })
    Expected: visible
    Timeout: 10000ms
    Error: element(s) not found

    Call log:
      - Expect "toBeVisible" getByRole('button', { name: /create new/i }) with timeout 10000ms
      - waiting for getByRole('button', { name: /create new/i })


      60 |   // STEP 3: SNAPSHOT — verify the My Items page is displayed
      61 |   // ASSERT (BLOCKING) My Items page is displayed with Create New and Export buttons
    > 62 |   await expect(page.getByRole('button', { name: /create new/i })).toBeVisible({ timeout: 10_000 });
         |                                                                   ^
      63 |   await expect(page.getByRole('button', { name: /export/i })).toBeVisible({ timeout: 10_000 });
      64 | });
      65 |
        at /home/runner/work/Test-ReportsHub/Test-ReportsHub/projects/ITS/test-plans/BAS/register-and-upload-invoice.spec.ts:62:67

    attachment #1: screenshot (image/png) ──────────────────────────────────────────────────────────
    ci-results/artifacts/projects-ITS-test-plans-BA-500db-n-the-My-Items-submenu-item/test-failed-1.png
    ────────────────────────────────────────────────────────────────────────────────────────────────

    attachment #2: video (video/webm) ──────────────────────────────────────────────────────────────
    ci-results/artifacts/projects-ITS-test-plans-BA-500db-n-the-My-Items-submenu-item/video.webm
    ────────────────────────────────────────────────────────────────────────────────────────────────

    Error Context: ci-results/artifacts/projects-ITS-test-plans-BA-500db-n-the-My-Items-submenu-item/error-context.md

    attachment #4: trace (application/zip) ─────────────────────────────────────────────────────────
    ci-results/artifacts/projects-ITS-test-plans-BA-500db-n-the-My-Items-submenu-item/trace.zip
    Usage:

        npx playwright show-trace ci-results/artifacts/projects-ITS-test-plans-BA-500db-n-the-My-Items-submenu-item/trace.zip

    ────────────────────────────────────────────────────────────────────────────────────────────────
]]>
</failure>
</testcase>
<testcase name="TC-04 — Click on the Export button on My Items" classname="projects/ITS/test-plans/BAS/register-and-upload-invoice.spec.ts" time="20.255">
</testcase>
<testcase name="TC-05 — Click Create New button" classname="projects/ITS/test-plans/BAS/register-and-upload-invoice.spec.ts" time="17.659">
</testcase>
<testcase name="TC-06 — Select the BAS Request for Payment Workflow" classname="projects/ITS/test-plans/BAS/register-and-upload-invoice.spec.ts" time="36.826">
</testcase>
<testcase name="TC-07 — Click on Date Received field" classname="projects/ITS/test-plans/BAS/register-and-upload-invoice.spec.ts" time="36.485">
<system-out>
<![CDATA[
[[ATTACHMENT|artifacts/projects-ITS-test-plans-BA-38cd0-lick-on-Date-Received-field/test-failed-1.png]]

[[ATTACHMENT|artifacts/projects-ITS-test-plans-BA-38cd0-lick-on-Date-Received-field/video.webm]]

[[ATTACHMENT|artifacts/projects-ITS-test-plans-BA-38cd0-lick-on-Date-Received-field/error-context.md]]

[[ATTACHMENT|artifacts/projects-ITS-test-plans-BA-38cd0-lick-on-Date-Received-field/trace.zip]]
]]>
</system-out>
<failure message="expect(locator).toBeVisible() failed" type="expect.toBeVisible">
<![CDATA[  projects/ITS/test-plans/BAS/register-and-upload-invoice.spec.ts:142:5 › TC-07 — Click on Date Received field 

    Error: expect(locator).toBeVisible() failed

    Locator: getByText(/Register and Upload Invoice/i).first()
    Expected: visible
    Timeout: 15000ms
    Error: element(s) not found

    Call log:
      - Expect "toBeVisible" getByText(/Register and Upload Invoice/i).first() with timeout 15000ms
      - waiting for getByText(/Register and Upload Invoice/i).first()


      150 |   await page.getByRole('button', { name: /create new/i }).click();
      151 |   await page.getByText(/BAS Request for Payment/i).first().click();
    > 152 |   await expect(page.getByText(/Register and Upload Invoice/i).first()).toBeVisible({ timeout: 15_000 });
          |                                                                        ^
      153 |
      154 |   // STEP 1: SNAPSHOT — confirm the target element for: Click on Date Received field
      155 |   const dateReceivedField = page.getByLabel(/date received/i).first();
        at /home/runner/work/Test-ReportsHub/Test-ReportsHub/projects/ITS/test-plans/BAS/register-and-upload-invoice.spec.ts:152:72

    attachment #1: screenshot (image/png) ──────────────────────────────────────────────────────────
    ci-results/artifacts/projects-ITS-test-plans-BA-38cd0-lick-on-Date-Received-field/test-failed-1.png
    ────────────────────────────────────────────────────────────────────────────────────────────────

    attachment #2: video (video/webm) ──────────────────────────────────────────────────────────────
    ci-results/artifacts/projects-ITS-test-plans-BA-38cd0-lick-on-Date-Received-field/video.webm
    ────────────────────────────────────────────────────────────────────────────────────────────────

    Error Context: ci-results/artifacts/projects-ITS-test-plans-BA-38cd0-lick-on-Date-Received-field/error-context.md

    attachment #4: trace (application/zip) ─────────────────────────────────────────────────────────
    ci-results/artifacts/projects-ITS-test-plans-BA-38cd0-lick-on-Date-Received-field/trace.zip
    Usage:

        npx playwright show-trace ci-results/artifacts/projects-ITS-test-plans-BA-38cd0-lick-on-Date-Received-field/trace.zip

    ────────────────────────────────────────────────────────────────────────────────────────────────
]]>
</failure>
</testcase>
<testcase name="TC-08 — Select a different Date Received" classname="projects/ITS/test-plans/BAS/register-and-upload-invoice.spec.ts" time="35.279">
<system-out>
<![CDATA[
[[ATTACHMENT|artifacts/projects-ITS-test-plans-BA-816dd-t-a-different-Date-Received/test-failed-1.png]]

[[ATTACHMENT|artifacts/projects-ITS-test-plans-BA-816dd-t-a-different-Date-Received/video.webm]]

[[ATTACHMENT|artifacts/projects-ITS-test-plans-BA-816dd-t-a-different-Date-Received/error-context.md]]

[[ATTACHMENT|artifacts/projects-ITS-test-plans-BA-816dd-t-a-different-Date-Received/trace.zip]]
]]>
</system-out>
<failure message="expect(locator).toBeVisible() failed" type="expect.toBeVisible">
<![CDATA[  projects/ITS/test-plans/BAS/register-and-upload-invoice.spec.ts:166:5 › TC-08 — Select a different Date Received 

    Error: expect(locator).toBeVisible() failed

    Locator: getByText(/Register and Upload Invoice/i).first()
    Expected: visible
    Timeout: 15000ms
    Error: element(s) not found

    Call log:
      - Expect "toBeVisible" getByText(/Register and Upload Invoice/i).first() with timeout 15000ms
      - waiting for getByText(/Register and Upload Invoice/i).first()


      174 |   await page.getByRole('button', { name: /create new/i }).click();
      175 |   await page.getByText(/BAS Request for Payment/i).first().click();
    > 176 |   await expect(page.getByText(/Register and Upload Invoice/i).first()).toBeVisible({ timeout: 15_000 });
          |                                                                        ^
      177 |
      178 |   const dateReceivedField = page.getByLabel(/date received/i).first();
      179 |   await dateReceivedField.click();
        at /home/runner/work/Test-ReportsHub/Test-ReportsHub/projects/ITS/test-plans/BAS/register-and-upload-invoice.spec.ts:176:72

    attachment #1: screenshot (image/png) ──────────────────────────────────────────────────────────
    ci-results/artifacts/projects-ITS-test-plans-BA-816dd-t-a-different-Date-Received/test-failed-1.png
    ────────────────────────────────────────────────────────────────────────────────────────────────

    attachment #2: video (video/webm) ──────────────────────────────────────────────────────────────
    ci-results/artifacts/projects-ITS-test-plans-BA-816dd-t-a-different-Date-Received/video.webm
    ────────────────────────────────────────────────────────────────────────────────────────────────

    Error Context: ci-results/artifacts/projects-ITS-test-plans-BA-816dd-t-a-different-Date-Received/error-context.md

    attachment #4: trace (application/zip) ─────────────────────────────────────────────────────────
    ci-results/artifacts/projects-ITS-test-plans-BA-816dd-t-a-different-Date-Received/trace.zip
    Usage:

        npx playwright show-trace ci-results/artifacts/projects-ITS-test-plans-BA-816dd-t-a-different-Date-Received/trace.zip

    ────────────────────────────────────────────────────────────────────────────────────────────────
]]>
</failure>
</testcase>
<testcase name="TC-09 — Click on the ellipses on the Supplier Name field" classname="projects/ITS/test-plans/BAS/register-and-upload-invoice.spec.ts" time="35.764">
<system-out>
<![CDATA[
[[ATTACHMENT|artifacts/projects-ITS-test-plans-BA-100f0--on-the-Supplier-Name-field/test-failed-1.png]]

[[ATTACHMENT|artifacts/projects-ITS-test-plans-BA-100f0--on-the-Supplier-Name-field/video.webm]]

[[ATTACHMENT|artifacts/projects-ITS-test-plans-BA-100f0--on-the-Supplier-Name-field/error-context.md]]

[[ATTACHMENT|artifacts/projects-ITS-test-plans-BA-100f0--on-the-Supplier-Name-field/trace.zip]]
]]>
</system-out>
<failure message="expect(locator).toBeVisible() failed" type="expect.toBeVisible">
<![CDATA[  projects/ITS/test-plans/BAS/register-and-upload-invoice.spec.ts:194:5 › TC-09 — Click on the ellipses on the Supplier Name field 

    Error: expect(locator).toBeVisible() failed

    Locator: getByText(/Register and Upload Invoice/i).first()
    Expected: visible
    Timeout: 15000ms
    Error: element(s) not found

    Call log:
      - Expect "toBeVisible" getByText(/Register and Upload Invoice/i).first() with timeout 15000ms
      - waiting for getByText(/Register and Upload Invoice/i).first()


      202 |   await page.getByRole('button', { name: /create new/i }).click();
      203 |   await page.getByText(/BAS Request for Payment/i).first().click();
    > 204 |   await expect(page.getByText(/Register and Upload Invoice/i).first()).toBeVisible({ timeout: 15_000 });
          |                                                                        ^
      205 |
      206 |   // STEP 1: SNAPSHOT — confirm the target element for: Click on the ellipses on the Supplier Name field
      207 |   // TODO[selector]: Locate the ellipses/lookup button next to the Supplier Name field
        at /home/runner/work/Test-ReportsHub/Test-ReportsHub/projects/ITS/test-plans/BAS/register-and-upload-invoice.spec.ts:204:72

    attachment #1: screenshot (image/png) ──────────────────────────────────────────────────────────
    ci-results/artifacts/projects-ITS-test-plans-BA-100f0--on-the-Supplier-Name-field/test-failed-1.png
    ────────────────────────────────────────────────────────────────────────────────────────────────

    attachment #2: video (video/webm) ──────────────────────────────────────────────────────────────
    ci-results/artifacts/projects-ITS-test-plans-BA-100f0--on-the-Supplier-Name-field/video.webm
    ────────────────────────────────────────────────────────────────────────────────────────────────

    Error Context: ci-results/artifacts/projects-ITS-test-plans-BA-100f0--on-the-Supplier-Name-field/error-context.md

    attachment #4: trace (application/zip) ─────────────────────────────────────────────────────────
    ci-results/artifacts/projects-ITS-test-plans-BA-100f0--on-the-Supplier-Name-field/trace.zip
    Usage:

        npx playwright show-trace ci-results/artifacts/projects-ITS-test-plans-BA-100f0--on-the-Supplier-Name-field/trace.zip

    ────────────────────────────────────────────────────────────────────────────────────────────────
]]>
</failure>
</testcase>
<testcase name="TC-10 — Select a Supplier Name from the Supplier list" classname="projects/ITS/test-plans/BAS/register-and-upload-invoice.spec.ts" time="68.871">
<system-out>
<![CDATA[
[[ATTACHMENT|artifacts/projects-ITS-test-plans-BA-409b0-Name-from-the-Supplier-list/test-failed-1.png]]

[[ATTACHMENT|artifacts/projects-ITS-test-plans-BA-409b0-Name-from-the-Supplier-list/video.webm]]

[[ATTACHMENT|artifacts/projects-ITS-test-plans-BA-409b0-Name-from-the-Supplier-list/error-context.md]]

[[ATTACHMENT|artifacts/projects-ITS-test-plans-BA-409b0-Name-from-the-Supplier-list/trace.zip]]
]]>
</system-out>
<failure message="expect(locator).toBeVisible() failed" type="expect.toBeVisible">
<![CDATA[  projects/ITS/test-plans/BAS/register-and-upload-invoice.spec.ts:220:5 › TC-10 — Select a Supplier Name from the Supplier list 

    Error: expect(locator).toBeVisible() failed

    Locator: getByRole('dialog').or(getByText(/supplier/i).nth(1))
    Expected: visible
    Error: strict mode violation: getByRole('dialog').or(getByText(/supplier/i).nth(1)) resolved to 2 elements:
        1) <label for="model_supplier" title="Supplier Name" class="ant-form-item-required ant-form-item-required-mark-optional ant-form-item-no-colon">…</label> aka getByText('Supplier Name*')
        2) <div role="dialog" aria-modal="true" aria-labelledby=":r7q:" class="ant-modal css-1lo1l9k entity-picker-modal acss-srfedm ant-zoom-appear ant-zoom-appear-active ant-zoom">…</div> aka getByRole('dialog', { name: 'Select Item' })

    Call log:
      - Expect "toBeVisible" getByRole('dialog').or(getByText(/supplier/i).nth(1)) with timeout 10000ms
      - waiting for getByRole('dialog').or(getByText(/supplier/i).nth(1))


      233 |     .or(page.getByLabel(/supplier name/i).locator('..').getByRole('button').first());
      234 |   await supplierEllipsis.click();
    > 235 |   await expect(page.getByRole('dialog').or(page.getByText(/supplier/i).nth(1))).toBeVisible({ timeout: 10_000 });
          |                                                                                 ^
      236 |
      237 |   // STEP 2: SELECT a supplier name from the displayed list
      238 |   // TODO[selector]: Click the first supplier row in the dialog list
        at /home/runner/work/Test-ReportsHub/Test-ReportsHub/projects/ITS/test-plans/BAS/register-and-upload-invoice.spec.ts:235:81

    attachment #1: screenshot (image/png) ──────────────────────────────────────────────────────────
    ci-results/artifacts/projects-ITS-test-plans-BA-409b0-Name-from-the-Supplier-list/test-failed-1.png
    ────────────────────────────────────────────────────────────────────────────────────────────────

    attachment #2: video (video/webm) ──────────────────────────────────────────────────────────────
    ci-results/artifacts/projects-ITS-test-plans-BA-409b0-Name-from-the-Supplier-list/video.webm
    ────────────────────────────────────────────────────────────────────────────────────────────────

    Error Context: ci-results/artifacts/projects-ITS-test-plans-BA-409b0-Name-from-the-Supplier-list/error-context.md

    attachment #4: trace (application/zip) ─────────────────────────────────────────────────────────
    ci-results/artifacts/projects-ITS-test-plans-BA-409b0-Name-from-the-Supplier-list/trace.zip
    Usage:

        npx playwright show-trace ci-results/artifacts/projects-ITS-test-plans-BA-409b0-Name-from-the-Supplier-list/trace.zip

    ────────────────────────────────────────────────────────────────────────────────────────────────
]]>
</failure>
</testcase>
<testcase name="TC-11 — Click Add icon on Invoices panel without populating fields (validation)" classname="projects/ITS/test-plans/BAS/register-and-upload-invoice.spec.ts" time="90.869">
<system-out>
<![CDATA[
[[ATTACHMENT|artifacts/projects-ITS-test-plans-BA-74182-pulating-fields-validation-/test-failed-1.png]]

[[ATTACHMENT|artifacts/projects-ITS-test-plans-BA-74182-pulating-fields-validation-/video.webm]]

[[ATTACHMENT|artifacts/projects-ITS-test-plans-BA-74182-pulating-fields-validation-/error-context.md]]

[[ATTACHMENT|artifacts/projects-ITS-test-plans-BA-74182-pulating-fields-validation-/trace.zip]]
]]>
</system-out>
<error message="Test timeout of 90000ms exceeded." type="Error">
<![CDATA[  projects/ITS/test-plans/BAS/register-and-upload-invoice.spec.ts:248:5 › TC-11 — Click Add icon on Invoices panel without populating fields (validation) 

    Test timeout of 90000ms exceeded.

    Error: locator.click: Test timeout of 90000ms exceeded.
    Call log:
      - waiting for locator('[class*="invoices"] button[class*="add"], [aria-label*="add invoice"], button:near(:text("Invoices"))').first().or(getByRole('button', { name: /add/i }).first())
        - locator resolved to <button type="button" class="ant-btn css-1lo1l9k css-var-Rkq ant-btn-link">…</button>
      - attempting click action
        - waiting for element to be visible, enabled and stable
        - element is visible, enabled and stable
        - scrolling into view if needed
        - done scrolling
        - <div aria-busy="true" aria-live="polite" class="ant-spin ant-spin-spinning ant-spin-show-text css-1lo1l9k css-var-Rkq">…</div> from <div>…</div> subtree intercepts pointer events
      - retrying click action
        - waiting for element to be visible, enabled and stable
        - element is visible, enabled and stable
        - scrolling into view if needed
        - done scrolling
        - <div></div> intercepts pointer events
      - retrying click action
        - waiting 20ms
        2 × waiting for element to be visible, enabled and stable
          - element is visible, enabled and stable
          - scrolling into view if needed
          - done scrolling
          - <div aria-busy="true" aria-live="polite" class="ant-spin ant-spin-spinning ant-spin-show-text css-1lo1l9k css-var-Rkq">…</div> from <div>…</div> subtree intercepts pointer events
        - retrying click action
          - waiting 100ms
        - waiting for element to be visible, enabled and stable
        - element is visible, enabled and stable
        - scrolling into view if needed
        - done scrolling
        - <div aria-busy="true" aria-live="polite" class="ant-spin ant-spin-spinning ant-spin-show-text css-1lo1l9k css-var-Rkq">…</div> from <div>…</div> subtree intercepts pointer events
      31 × retrying click action
           - waiting 500ms
           - waiting for element to be visible, enabled and stable
           - element is visible, enabled and stable
           - scrolling into view if needed
           - done scrolling
           - <div></div> intercepts pointer events
         - retrying click action
           - waiting 500ms
           - waiting for element to be visible, enabled and stable
           - element is visible, enabled and stable
           - scrolling into view if needed
           - done scrolling
           - <div class="sha-form-container">…</div> intercepts pointer events
         - retrying click action
           - waiting 500ms
           - waiting for element to be visible, enabled and stable
           - element is visible, enabled and stable
           - scrolling into view if needed
           - done scrolling
           - <img width="130px" height="auto" class="ant-image-img css-1lo1l9k" src="data:image/png;base64,iVBORw0KGgoAAAANSUhEUgAAA0AAAAEsCAYAAADqytNKAAAQAElEQVR4AexdBaBlRfn/TZy88Wo7iGVp6ViWkCWkG5ZuERVRAZN+0iGgICoWiKCE0rDAHwSD7pSS3H518/TM/L/zFhCVWDo8887cc+45M9/M/Oabme833733cXxCww1nT3YePtvf/77e8lX3n7ea9Qmt5ieiWjN/slGPMWCfiMp8Qitxy1lTvvbguSv+9q6zPrfsJ7SKRbUKBAoECgQKBAoECgQKBAoEPgIEPpEE6IqTNlrKazcubtXDX6VKT0va9qiPAItPZRFPXDbdTlXy3YfP3nHyp7IBH1GluY6WSqP63q1g6Opbz1xjvwXFFq8FAgUCBQIFAgUCBQIFAgUC/2sIfOII0CXHr72JzV++3…/> from <header class="ant-layout-header acss-1n88w7a css-1lo1l9k css-var-Rkq">…</header> subtree intercepts pointer events
         - retrying click action
           - waiting 500ms
           - waiting for element to be visible, enabled and stable
           - element is visible, enabled and stable
           - scrolling into view if needed
           - done scrolling
           - <img width="130px" height="auto" class="ant-image-img css-1lo1l9k" src="data:image/png;base64,iVBORw0KGgoAAAANSUhEUgAAA0AAAAEsCAYAAADqytNKAAAQAElEQVR4AexdBaBlRfn/TZy88Wo7iGVp6ViWkCWkG5ZuERVRAZN+0iGgICoWiKCE0rDAHwSD7pSS3H518/TM/L/zFhCVWDo8887cc+45M9/M/Oabme833733cXxCww1nT3YePtvf/77e8lX3n7ea9Qmt5ieiWjN/slGPMWCfiMp8Qitxy1lTvvbguSv+9q6zPrfsJ7SKRbUKBAoECgQKBAoECgQKBAoEPgIEPpEE6IqTNlrKazcubtXDX6VKT0va9qiPAItPZRFPXDbdTlXy3YfP3nHyp7IBH1GluY6WSqP63q1g6Opbz1xjvwXFFq8FAgUCBQIFAgUCBQIFAgUC/2sIfOII0CXHr72JzV++3…/> from <header class="ant-layout-header acss-1n88w7a css-1lo1l9k css-var-Rkq">…</header> subtree intercepts pointer events
      - retrying click action
        - waiting 500ms


      265 |
      266 |   // STEP 2: CLICK the Add icon without filling fields
    > 267 |   await addIcon.click();
          |                 ^
      268 |
      269 |   // ASSERT (BLOCKING) Mandatory fields are highlighted with "this field is required"
      270 |   await expect(page.getByText(/this field is required/i).first()).toBeVisible({ timeout: 5_000 });
        at /home/runner/work/Test-ReportsHub/Test-ReportsHub/projects/ITS/test-plans/BAS/register-and-upload-invoice.spec.ts:267:17

    attachment #1: screenshot (image/png) ──────────────────────────────────────────────────────────
    ci-results/artifacts/projects-ITS-test-plans-BA-74182-pulating-fields-validation-/test-failed-1.png
    ────────────────────────────────────────────────────────────────────────────────────────────────

    attachment #2: video (video/webm) ──────────────────────────────────────────────────────────────
    ci-results/artifacts/projects-ITS-test-plans-BA-74182-pulating-fields-validation-/video.webm
    ────────────────────────────────────────────────────────────────────────────────────────────────

    Error Context: ci-results/artifacts/projects-ITS-test-plans-BA-74182-pulating-fields-validation-/error-context.md

    attachment #4: trace (application/zip) ─────────────────────────────────────────────────────────
    ci-results/artifacts/projects-ITS-test-plans-BA-74182-pulating-fields-validation-/trace.zip
    Usage:

        npx playwright show-trace ci-results/artifacts/projects-ITS-test-plans-BA-74182-pulating-fields-validation-/trace.zip

    ────────────────────────────────────────────────────────────────────────────────────────────────
]]>
</error>
</testcase>
<testcase name="TC-12 — Click Cancel icon on the Invoices panel" classname="projects/ITS/test-plans/BAS/register-and-upload-invoice.spec.ts" time="92.789">
<system-out>
<![CDATA[
[[ATTACHMENT|artifacts/projects-ITS-test-plans-BA-7b1d0--icon-on-the-Invoices-panel/test-failed-1.png]]

[[ATTACHMENT|artifacts/projects-ITS-test-plans-BA-7b1d0--icon-on-the-Invoices-panel/video.webm]]

[[ATTACHMENT|artifacts/projects-ITS-test-plans-BA-7b1d0--icon-on-the-Invoices-panel/error-context.md]]

[[ATTACHMENT|artifacts/projects-ITS-test-plans-BA-7b1d0--icon-on-the-Invoices-panel/trace.zip]]
]]>
</system-out>
<error message="Test timeout of 90000ms exceeded." type="Error">
<![CDATA[  projects/ITS/test-plans/BAS/register-and-upload-invoice.spec.ts:273:5 › TC-12 — Click Cancel icon on the Invoices panel 

    Test timeout of 90000ms exceeded.

    Error: locator.click: Test timeout of 90000ms exceeded.
    Call log:
      - waiting for locator('[class*="invoices"] button[class*="add"], [aria-label*="add invoice"]').first().or(getByRole('button', { name: /add/i }).first())


      285 |   const addIcon = page.locator('[class*="invoices"] button[class*="add"], [aria-label*="add invoice"]').first()
      286 |     .or(page.getByRole('button', { name: /add/i }).first());
    > 287 |   await addIcon.click();
          |                 ^
      288 |   await expect(page.getByText(/this field is required/i).first()).toBeVisible({ timeout: 5_000 });
      289 |
      290 |   // STEP 1: SNAPSHOT — confirm the Cancel icon
        at /home/runner/work/Test-ReportsHub/Test-ReportsHub/projects/ITS/test-plans/BAS/register-and-upload-invoice.spec.ts:287:17

    attachment #1: screenshot (image/png) ──────────────────────────────────────────────────────────
    ci-results/artifacts/projects-ITS-test-plans-BA-7b1d0--icon-on-the-Invoices-panel/test-failed-1.png
    ────────────────────────────────────────────────────────────────────────────────────────────────

    attachment #2: video (video/webm) ──────────────────────────────────────────────────────────────
    ci-results/artifacts/projects-ITS-test-plans-BA-7b1d0--icon-on-the-Invoices-panel/video.webm
    ────────────────────────────────────────────────────────────────────────────────────────────────

    Error Context: ci-results/artifacts/projects-ITS-test-plans-BA-7b1d0--icon-on-the-Invoices-panel/error-context.md

    attachment #4: trace (application/zip) ─────────────────────────────────────────────────────────
    ci-results/artifacts/projects-ITS-test-plans-BA-7b1d0--icon-on-the-Invoices-panel/trace.zip
    Usage:

        npx playwright show-trace ci-results/artifacts/projects-ITS-test-plans-BA-7b1d0--icon-on-the-Invoices-panel/trace.zip

    ────────────────────────────────────────────────────────────────────────────────────────────────
]]>
</error>
</testcase>
<testcase name="TC-13 — Click on the Invoice Date field" classname="projects/ITS/test-plans/BAS/register-and-upload-invoice.spec.ts" time="30.581">
<system-out>
<![CDATA[
[[ATTACHMENT|artifacts/projects-ITS-test-plans-BA-44a45-k-on-the-Invoice-Date-field/test-failed-1.png]]

[[ATTACHMENT|artifacts/projects-ITS-test-plans-BA-44a45-k-on-the-Invoice-Date-field/video.webm]]

[[ATTACHMENT|artifacts/projects-ITS-test-plans-BA-44a45-k-on-the-Invoice-Date-field/error-context.md]]

[[ATTACHMENT|artifacts/projects-ITS-test-plans-BA-44a45-k-on-the-Invoice-Date-field/trace.zip]]
]]>
</system-out>
<failure message="expect(locator).toBeVisible() failed" type="expect.toBeVisible">
<![CDATA[  projects/ITS/test-plans/BAS/register-and-upload-invoice.spec.ts:303:5 › TC-13 — Click on the Invoice Date field 

    Error: expect(locator).toBeVisible() failed

    Locator: getByText(/Register and Upload Invoice/i).first()
    Expected: visible
    Timeout: 15000ms
    Error: element(s) not found

    Call log:
      - Expect "toBeVisible" getByText(/Register and Upload Invoice/i).first() with timeout 15000ms
      - waiting for getByText(/Register and Upload Invoice/i).first()


      311 |   await page.getByRole('button', { name: /create new/i }).click();
      312 |   await page.getByText(/BAS Request for Payment/i).first().click();
    > 313 |   await expect(page.getByText(/Register and Upload Invoice/i).first()).toBeVisible({ timeout: 15_000 });
          |                                                                        ^
      314 |
      315 |   // STEP 1: SNAPSHOT — confirm Invoice Date field
      316 |   const invoiceDateField = page.getByLabel(/invoice date/i).first();
        at /home/runner/work/Test-ReportsHub/Test-ReportsHub/projects/ITS/test-plans/BAS/register-and-upload-invoice.spec.ts:313:72

    attachment #1: screenshot (image/png) ──────────────────────────────────────────────────────────
    ci-results/artifacts/projects-ITS-test-plans-BA-44a45-k-on-the-Invoice-Date-field/test-failed-1.png
    ────────────────────────────────────────────────────────────────────────────────────────────────

    attachment #2: video (video/webm) ──────────────────────────────────────────────────────────────
    ci-results/artifacts/projects-ITS-test-plans-BA-44a45-k-on-the-Invoice-Date-field/video.webm
    ────────────────────────────────────────────────────────────────────────────────────────────────

    Error Context: ci-results/artifacts/projects-ITS-test-plans-BA-44a45-k-on-the-Invoice-Date-field/error-context.md

    attachment #4: trace (application/zip) ─────────────────────────────────────────────────────────
    ci-results/artifacts/projects-ITS-test-plans-BA-44a45-k-on-the-Invoice-Date-field/trace.zip
    Usage:

        npx playwright show-trace ci-results/artifacts/projects-ITS-test-plans-BA-44a45-k-on-the-Invoice-Date-field/trace.zip

    ────────────────────────────────────────────────────────────────────────────────────────────────
]]>
</failure>
</testcase>
<testcase name="TC-14 — Select Invoice Date from the date picker" classname="projects/ITS/test-plans/BAS/register-and-upload-invoice.spec.ts" time="30.795">
<system-out>
<![CDATA[
[[ATTACHMENT|artifacts/projects-ITS-test-plans-BA-a93b2-e-Date-from-the-date-picker/test-failed-1.png]]

[[ATTACHMENT|artifacts/projects-ITS-test-plans-BA-a93b2-e-Date-from-the-date-picker/video.webm]]

[[ATTACHMENT|artifacts/projects-ITS-test-plans-BA-a93b2-e-Date-from-the-date-picker/error-context.md]]

[[ATTACHMENT|artifacts/projects-ITS-test-plans-BA-a93b2-e-Date-from-the-date-picker/trace.zip]]
]]>
</system-out>
<failure message="expect(locator).toBeVisible() failed" type="expect.toBeVisible">
<![CDATA[  projects/ITS/test-plans/BAS/register-and-upload-invoice.spec.ts:326:5 › TC-14 — Select Invoice Date from the date picker 

    Error: expect(locator).toBeVisible() failed

    Locator: getByText(/Register and Upload Invoice/i).first()
    Expected: visible
    Timeout: 15000ms
    Error: element(s) not found

    Call log:
      - Expect "toBeVisible" getByText(/Register and Upload Invoice/i).first() with timeout 15000ms
      - waiting for getByText(/Register and Upload Invoice/i).first()


      334 |   await page.getByRole('button', { name: /create new/i }).click();
      335 |   await page.getByText(/BAS Request for Payment/i).first().click();
    > 336 |   await expect(page.getByText(/Register and Upload Invoice/i).first()).toBeVisible({ timeout: 15_000 });
          |                                                                        ^
      337 |
      338 |   const invoiceDateField = page.getByLabel(/invoice date/i).first();
      339 |   await invoiceDateField.click();
        at /home/runner/work/Test-ReportsHub/Test-ReportsHub/projects/ITS/test-plans/BAS/register-and-upload-invoice.spec.ts:336:72

    attachment #1: screenshot (image/png) ──────────────────────────────────────────────────────────
    ci-results/artifacts/projects-ITS-test-plans-BA-a93b2-e-Date-from-the-date-picker/test-failed-1.png
    ────────────────────────────────────────────────────────────────────────────────────────────────

    attachment #2: video (video/webm) ──────────────────────────────────────────────────────────────
    ci-results/artifacts/projects-ITS-test-plans-BA-a93b2-e-Date-from-the-date-picker/video.webm
    ────────────────────────────────────────────────────────────────────────────────────────────────

    Error Context: ci-results/artifacts/projects-ITS-test-plans-BA-a93b2-e-Date-from-the-date-picker/error-context.md

    attachment #4: trace (application/zip) ─────────────────────────────────────────────────────────
    ci-results/artifacts/projects-ITS-test-plans-BA-a93b2-e-Date-from-the-date-picker/trace.zip
    Usage:

        npx playwright show-trace ci-results/artifacts/projects-ITS-test-plans-BA-a93b2-e-Date-from-the-date-picker/trace.zip

    ────────────────────────────────────────────────────────────────────────────────────────────────
]]>
</failure>
</testcase>
<testcase name="TC-15 — Click on Service Delivery Date field" classname="projects/ITS/test-plans/BAS/register-and-upload-invoice.spec.ts" time="31.129">
<system-out>
<![CDATA[
[[ATTACHMENT|artifacts/projects-ITS-test-plans-BA-96a18-Service-Delivery-Date-field/test-failed-1.png]]

[[ATTACHMENT|artifacts/projects-ITS-test-plans-BA-96a18-Service-Delivery-Date-field/video.webm]]

[[ATTACHMENT|artifacts/projects-ITS-test-plans-BA-96a18-Service-Delivery-Date-field/error-context.md]]

[[ATTACHMENT|artifacts/projects-ITS-test-plans-BA-96a18-Service-Delivery-Date-field/trace.zip]]
]]>
</system-out>
<failure message="expect(locator).toBeVisible() failed" type="expect.toBeVisible">
<![CDATA[  projects/ITS/test-plans/BAS/register-and-upload-invoice.spec.ts:353:5 › TC-15 — Click on Service Delivery Date field 

    Error: expect(locator).toBeVisible() failed

    Locator: getByText(/Register and Upload Invoice/i).first()
    Expected: visible
    Timeout: 15000ms
    Error: element(s) not found

    Call log:
      - Expect "toBeVisible" getByText(/Register and Upload Invoice/i).first() with timeout 15000ms
      - waiting for getByText(/Register and Upload Invoice/i).first()


      361 |   await page.getByRole('button', { name: /create new/i }).click();
      362 |   await page.getByText(/BAS Request for Payment/i).first().click();
    > 363 |   await expect(page.getByText(/Register and Upload Invoice/i).first()).toBeVisible({ timeout: 15_000 });
          |                                                                        ^
      364 |
      365 |   // STEP 1: SNAPSHOT — confirm Service Delivery Date field
      366 |   const serviceDeliveryField = page.getByLabel(/service delivery/i).first();
        at /home/runner/work/Test-ReportsHub/Test-ReportsHub/projects/ITS/test-plans/BAS/register-and-upload-invoice.spec.ts:363:72

    attachment #1: screenshot (image/png) ──────────────────────────────────────────────────────────
    ci-results/artifacts/projects-ITS-test-plans-BA-96a18-Service-Delivery-Date-field/test-failed-1.png
    ────────────────────────────────────────────────────────────────────────────────────────────────

    attachment #2: video (video/webm) ──────────────────────────────────────────────────────────────
    ci-results/artifacts/projects-ITS-test-plans-BA-96a18-Service-Delivery-Date-field/video.webm
    ────────────────────────────────────────────────────────────────────────────────────────────────

    Error Context: ci-results/artifacts/projects-ITS-test-plans-BA-96a18-Service-Delivery-Date-field/error-context.md

    attachment #4: trace (application/zip) ─────────────────────────────────────────────────────────
    ci-results/artifacts/projects-ITS-test-plans-BA-96a18-Service-Delivery-Date-field/trace.zip
    Usage:

        npx playwright show-trace ci-results/artifacts/projects-ITS-test-plans-BA-96a18-Service-Delivery-Date-field/trace.zip

    ────────────────────────────────────────────────────────────────────────────────────────────────
]]>
</failure>
</testcase>
<testcase name="TC-16 — Select Service Delivery Date from the date picker" classname="projects/ITS/test-plans/BAS/register-and-upload-invoice.spec.ts" time="30.78">
<system-out>
<![CDATA[
[[ATTACHMENT|artifacts/projects-ITS-test-plans-BA-90be0-y-Date-from-the-date-picker/test-failed-1.png]]

[[ATTACHMENT|artifacts/projects-ITS-test-plans-BA-90be0-y-Date-from-the-date-picker/video.webm]]

[[ATTACHMENT|artifacts/projects-ITS-test-plans-BA-90be0-y-Date-from-the-date-picker/error-context.md]]

[[ATTACHMENT|artifacts/projects-ITS-test-plans-BA-90be0-y-Date-from-the-date-picker/trace.zip]]
]]>
</system-out>
<failure message="expect(locator).toBeVisible() failed" type="expect.toBeVisible">
<![CDATA[  projects/ITS/test-plans/BAS/register-and-upload-invoice.spec.ts:376:5 › TC-16 — Select Service Delivery Date from the date picker 

    Error: expect(locator).toBeVisible() failed

    Locator: getByText(/Register and Upload Invoice/i).first()
    Expected: visible
    Timeout: 15000ms
    Error: element(s) not found

    Call log:
      - Expect "toBeVisible" getByText(/Register and Upload Invoice/i).first() with timeout 15000ms
      - waiting for getByText(/Register and Upload Invoice/i).first()


      384 |   await page.getByRole('button', { name: /create new/i }).click();
      385 |   await page.getByText(/BAS Request for Payment/i).first().click();
    > 386 |   await expect(page.getByText(/Register and Upload Invoice/i).first()).toBeVisible({ timeout: 15_000 });
          |                                                                        ^
      387 |
      388 |   const serviceDeliveryField = page.getByLabel(/service delivery/i).first();
      389 |   await serviceDeliveryField.click();
        at /home/runner/work/Test-ReportsHub/Test-ReportsHub/projects/ITS/test-plans/BAS/register-and-upload-invoice.spec.ts:386:72

    attachment #1: screenshot (image/png) ──────────────────────────────────────────────────────────
    ci-results/artifacts/projects-ITS-test-plans-BA-90be0-y-Date-from-the-date-picker/test-failed-1.png
    ────────────────────────────────────────────────────────────────────────────────────────────────

    attachment #2: video (video/webm) ──────────────────────────────────────────────────────────────
    ci-results/artifacts/projects-ITS-test-plans-BA-90be0-y-Date-from-the-date-picker/video.webm
    ────────────────────────────────────────────────────────────────────────────────────────────────

    Error Context: ci-results/artifacts/projects-ITS-test-plans-BA-90be0-y-Date-from-the-date-picker/error-context.md

    attachment #4: trace (application/zip) ─────────────────────────────────────────────────────────
    ci-results/artifacts/projects-ITS-test-plans-BA-90be0-y-Date-from-the-date-picker/trace.zip
    Usage:

        npx playwright show-trace ci-results/artifacts/projects-ITS-test-plans-BA-90be0-y-Date-from-the-date-picker/trace.zip

    ────────────────────────────────────────────────────────────────────────────────────────────────
]]>
</failure>
</testcase>
<testcase name="TC-17 — Populate the Invoice No. field" classname="projects/ITS/test-plans/BAS/register-and-upload-invoice.spec.ts" time="31.069">
<system-out>
<![CDATA[
[[ATTACHMENT|artifacts/projects-ITS-test-plans-BA-8e740-pulate-the-Invoice-No-field/test-failed-1.png]]

[[ATTACHMENT|artifacts/projects-ITS-test-plans-BA-8e740-pulate-the-Invoice-No-field/video.webm]]

[[ATTACHMENT|artifacts/projects-ITS-test-plans-BA-8e740-pulate-the-Invoice-No-field/error-context.md]]

[[ATTACHMENT|artifacts/projects-ITS-test-plans-BA-8e740-pulate-the-Invoice-No-field/trace.zip]]
]]>
</system-out>
<failure message="expect(locator).toBeVisible() failed" type="expect.toBeVisible">
<![CDATA[  projects/ITS/test-plans/BAS/register-and-upload-invoice.spec.ts:402:5 › TC-17 — Populate the Invoice No. field 

    Error: expect(locator).toBeVisible() failed

    Locator: getByText(/Register and Upload Invoice/i).first()
    Expected: visible
    Timeout: 15000ms
    Error: element(s) not found

    Call log:
      - Expect "toBeVisible" getByText(/Register and Upload Invoice/i).first() with timeout 15000ms
      - waiting for getByText(/Register and Upload Invoice/i).first()


      410 |   await page.getByRole('button', { name: /create new/i }).click();
      411 |   await page.getByText(/BAS Request for Payment/i).first().click();
    > 412 |   await expect(page.getByText(/Register and Upload Invoice/i).first()).toBeVisible({ timeout: 15_000 });
          |                                                                        ^
      413 |
      414 |   // STEP 1: SNAPSHOT — confirm Invoice No. field
      415 |   const invoiceNoField = page.getByLabel(/invoice no/i).first();
        at /home/runner/work/Test-ReportsHub/Test-ReportsHub/projects/ITS/test-plans/BAS/register-and-upload-invoice.spec.ts:412:72

    attachment #1: screenshot (image/png) ──────────────────────────────────────────────────────────
    ci-results/artifacts/projects-ITS-test-plans-BA-8e740-pulate-the-Invoice-No-field/test-failed-1.png
    ────────────────────────────────────────────────────────────────────────────────────────────────

    attachment #2: video (video/webm) ──────────────────────────────────────────────────────────────
    ci-results/artifacts/projects-ITS-test-plans-BA-8e740-pulate-the-Invoice-No-field/video.webm
    ────────────────────────────────────────────────────────────────────────────────────────────────

    Error Context: ci-results/artifacts/projects-ITS-test-plans-BA-8e740-pulate-the-Invoice-No-field/error-context.md

    attachment #4: trace (application/zip) ─────────────────────────────────────────────────────────
    ci-results/artifacts/projects-ITS-test-plans-BA-8e740-pulate-the-Invoice-No-field/trace.zip
    Usage:

        npx playwright show-trace ci-results/artifacts/projects-ITS-test-plans-BA-8e740-pulate-the-Invoice-No-field/trace.zip

    ────────────────────────────────────────────────────────────────────────────────────────────────
]]>
</failure>
</testcase>
<testcase name="TC-18 — Populate the Invoice Amount field" classname="projects/ITS/test-plans/BAS/register-and-upload-invoice.spec.ts" time="30.8">
<system-out>
<![CDATA[
[[ATTACHMENT|artifacts/projects-ITS-test-plans-BA-905d4-te-the-Invoice-Amount-field/test-failed-1.png]]

[[ATTACHMENT|artifacts/projects-ITS-test-plans-BA-905d4-te-the-Invoice-Amount-field/video.webm]]

[[ATTACHMENT|artifacts/projects-ITS-test-plans-BA-905d4-te-the-Invoice-Amount-field/error-context.md]]

[[ATTACHMENT|artifacts/projects-ITS-test-plans-BA-905d4-te-the-Invoice-Amount-field/trace.zip]]
]]>
</system-out>
<failure message="expect(locator).toBeVisible() failed" type="expect.toBeVisible">
<![CDATA[  projects/ITS/test-plans/BAS/register-and-upload-invoice.spec.ts:425:5 › TC-18 — Populate the Invoice Amount field 

    Error: expect(locator).toBeVisible() failed

    Locator: getByText(/Register and Upload Invoice/i).first()
    Expected: visible
    Timeout: 15000ms
    Error: element(s) not found

    Call log:
      - Expect "toBeVisible" getByText(/Register and Upload Invoice/i).first() with timeout 15000ms
      - waiting for getByText(/Register and Upload Invoice/i).first()


      433 |   await page.getByRole('button', { name: /create new/i }).click();
      434 |   await page.getByText(/BAS Request for Payment/i).first().click();
    > 435 |   await expect(page.getByText(/Register and Upload Invoice/i).first()).toBeVisible({ timeout: 15_000 });
          |                                                                        ^
      436 |
      437 |   // STEP 1: SNAPSHOT — confirm Invoice Amount field
      438 |   const invoiceAmountField = page.getByLabel(/invoice amount/i).first();
        at /home/runner/work/Test-ReportsHub/Test-ReportsHub/projects/ITS/test-plans/BAS/register-and-upload-invoice.spec.ts:435:72

    attachment #1: screenshot (image/png) ──────────────────────────────────────────────────────────
    ci-results/artifacts/projects-ITS-test-plans-BA-905d4-te-the-Invoice-Amount-field/test-failed-1.png
    ────────────────────────────────────────────────────────────────────────────────────────────────

    attachment #2: video (video/webm) ──────────────────────────────────────────────────────────────
    ci-results/artifacts/projects-ITS-test-plans-BA-905d4-te-the-Invoice-Amount-field/video.webm
    ────────────────────────────────────────────────────────────────────────────────────────────────

    Error Context: ci-results/artifacts/projects-ITS-test-plans-BA-905d4-te-the-Invoice-Amount-field/error-context.md

    attachment #4: trace (application/zip) ─────────────────────────────────────────────────────────
    ci-results/artifacts/projects-ITS-test-plans-BA-905d4-te-the-Invoice-Amount-field/trace.zip
    Usage:

        npx playwright show-trace ci-results/artifacts/projects-ITS-test-plans-BA-905d4-te-the-Invoice-Amount-field/trace.zip

    ────────────────────────────────────────────────────────────────────────────────────────────────
]]>
</failure>
</testcase>
<testcase name="TC-19 — Attach Invoice attachment" classname="projects/ITS/test-plans/BAS/register-and-upload-invoice.spec.ts" time="30.729">
<system-out>
<![CDATA[
[[ATTACHMENT|artifacts/projects-ITS-test-plans-BA-5e5a4-—-Attach-Invoice-attachment/test-failed-1.png]]

[[ATTACHMENT|artifacts/projects-ITS-test-plans-BA-5e5a4-—-Attach-Invoice-attachment/video.webm]]

[[ATTACHMENT|artifacts/projects-ITS-test-plans-BA-5e5a4-—-Attach-Invoice-attachment/error-context.md]]

[[ATTACHMENT|artifacts/projects-ITS-test-plans-BA-5e5a4-—-Attach-Invoice-attachment/trace.zip]]
]]>
</system-out>
<failure message="expect(locator).toBeVisible() failed" type="expect.toBeVisible">
<![CDATA[  projects/ITS/test-plans/BAS/register-and-upload-invoice.spec.ts:448:5 › TC-19 — Attach Invoice attachment 

    Error: expect(locator).toBeVisible() failed

    Locator: getByText(/Register and Upload Invoice/i).first()
    Expected: visible
    Timeout: 15000ms
    Error: element(s) not found

    Call log:
      - Expect "toBeVisible" getByText(/Register and Upload Invoice/i).first() with timeout 15000ms
      - waiting for getByText(/Register and Upload Invoice/i).first()


      456 |   await page.getByRole('button', { name: /create new/i }).click();
      457 |   await page.getByText(/BAS Request for Payment/i).first().click();
    > 458 |   await expect(page.getByText(/Register and Upload Invoice/i).first()).toBeVisible({ timeout: 15_000 });
          |                                                                        ^
      459 |
      460 |   // STEP 1: SNAPSHOT — confirm Invoice attachment upload control
      461 |   // TODO[selector]: Locate the file upload for Invoice attachment
        at /home/runner/work/Test-ReportsHub/Test-ReportsHub/projects/ITS/test-plans/BAS/register-and-upload-invoice.spec.ts:458:72

    attachment #1: screenshot (image/png) ──────────────────────────────────────────────────────────
    ci-results/artifacts/projects-ITS-test-plans-BA-5e5a4-—-Attach-Invoice-attachment/test-failed-1.png
    ────────────────────────────────────────────────────────────────────────────────────────────────

    attachment #2: video (video/webm) ──────────────────────────────────────────────────────────────
    ci-results/artifacts/projects-ITS-test-plans-BA-5e5a4-—-Attach-Invoice-attachment/video.webm
    ────────────────────────────────────────────────────────────────────────────────────────────────

    Error Context: ci-results/artifacts/projects-ITS-test-plans-BA-5e5a4-—-Attach-Invoice-attachment/error-context.md

    attachment #4: trace (application/zip) ─────────────────────────────────────────────────────────
    ci-results/artifacts/projects-ITS-test-plans-BA-5e5a4-—-Attach-Invoice-attachment/trace.zip
    Usage:

        npx playwright show-trace ci-results/artifacts/projects-ITS-test-plans-BA-5e5a4-—-Attach-Invoice-attachment/trace.zip

    ────────────────────────────────────────────────────────────────────────────────────────────────
]]>
</failure>
</testcase>
<testcase name="TC-20 — Click on the Add icon to save the invoice line item" classname="projects/ITS/test-plans/BAS/register-and-upload-invoice.spec.ts" time="92.758">
<system-out>
<![CDATA[
[[ATTACHMENT|artifacts/projects-ITS-test-plans-BA-2398c--save-the-invoice-line-item/test-failed-1.png]]

[[ATTACHMENT|artifacts/projects-ITS-test-plans-BA-2398c--save-the-invoice-line-item/video.webm]]

[[ATTACHMENT|artifacts/projects-ITS-test-plans-BA-2398c--save-the-invoice-line-item/error-context.md]]

[[ATTACHMENT|artifacts/projects-ITS-test-plans-BA-2398c--save-the-invoice-line-item/trace.zip]]
]]>
</system-out>
<error message="Test timeout of 90000ms exceeded." type="Error">
<![CDATA[  projects/ITS/test-plans/BAS/register-and-upload-invoice.spec.ts:472:5 › TC-20 — Click on the Add icon to save the invoice line item 

    Test timeout of 90000ms exceeded.

    Error: locator.fill: Test timeout of 90000ms exceeded.
    Call log:
      - waiting for getByLabel(/invoice no/i).first()


      483 |
      484 |   // Fill in required invoice fields first
    > 485 |   await page.getByLabel(/invoice no/i).first().fill('INV-TEST-001');
          |                                                ^
      486 |   await page.getByLabel(/invoice amount/i).first().fill('1000');
      487 |
      488 |   // STEP 1: SNAPSHOT — confirm the Add icon
        at /home/runner/work/Test-ReportsHub/Test-ReportsHub/projects/ITS/test-plans/BAS/register-and-upload-invoice.spec.ts:485:48

    attachment #1: screenshot (image/png) ──────────────────────────────────────────────────────────
    ci-results/artifacts/projects-ITS-test-plans-BA-2398c--save-the-invoice-line-item/test-failed-1.png
    ────────────────────────────────────────────────────────────────────────────────────────────────

    attachment #2: video (video/webm) ──────────────────────────────────────────────────────────────
    ci-results/artifacts/projects-ITS-test-plans-BA-2398c--save-the-invoice-line-item/video.webm
    ────────────────────────────────────────────────────────────────────────────────────────────────

    Error Context: ci-results/artifacts/projects-ITS-test-plans-BA-2398c--save-the-invoice-line-item/error-context.md

    attachment #4: trace (application/zip) ─────────────────────────────────────────────────────────
    ci-results/artifacts/projects-ITS-test-plans-BA-2398c--save-the-invoice-line-item/trace.zip
    Usage:

        npx playwright show-trace ci-results/artifacts/projects-ITS-test-plans-BA-2398c--save-the-invoice-line-item/trace.zip

    ────────────────────────────────────────────────────────────────────────────────────────────────
]]>
</error>
</testcase>
<testcase name="TC-21 — Attach Supporting Documents" classname="projects/ITS/test-plans/BAS/register-and-upload-invoice.spec.ts" time="19.419">
</testcase>
<testcase name="TC-22 — Click on the Close button" classname="projects/ITS/test-plans/BAS/register-and-upload-invoice.spec.ts" time="30.79">
<system-out>
<![CDATA[
[[ATTACHMENT|artifacts/projects-ITS-test-plans-BA-f7147-—-Click-on-the-Close-button/test-failed-1.png]]

[[ATTACHMENT|artifacts/projects-ITS-test-plans-BA-f7147-—-Click-on-the-Close-button/video.webm]]

[[ATTACHMENT|artifacts/projects-ITS-test-plans-BA-f7147-—-Click-on-the-Close-button/error-context.md]]

[[ATTACHMENT|artifacts/projects-ITS-test-plans-BA-f7147-—-Click-on-the-Close-button/trace.zip]]
]]>
</system-out>
<failure message="expect(locator).toBeVisible() failed" type="expect.toBeVisible">
<![CDATA[  projects/ITS/test-plans/BAS/register-and-upload-invoice.spec.ts:524:5 › TC-22 — Click on the Close button 

    Error: expect(locator).toBeVisible() failed

    Locator: getByText(/Register and Upload Invoice/i).first()
    Expected: visible
    Timeout: 15000ms
    Error: element(s) not found

    Call log:
      - Expect "toBeVisible" getByText(/Register and Upload Invoice/i).first() with timeout 15000ms
      - waiting for getByText(/Register and Upload Invoice/i).first()


      532 |   await page.getByRole('button', { name: /create new/i }).click();
      533 |   await page.getByText(/BAS Request for Payment/i).first().click();
    > 534 |   await expect(page.getByText(/Register and Upload Invoice/i).first()).toBeVisible({ timeout: 15_000 });
          |                                                                        ^
      535 |
      536 |   // STEP 1: SNAPSHOT — confirm the Close button
      537 |   await expect(page.getByRole('button', { name: /close/i })).toBeVisible();
        at /home/runner/work/Test-ReportsHub/Test-ReportsHub/projects/ITS/test-plans/BAS/register-and-upload-invoice.spec.ts:534:72

    attachment #1: screenshot (image/png) ──────────────────────────────────────────────────────────
    ci-results/artifacts/projects-ITS-test-plans-BA-f7147-—-Click-on-the-Close-button/test-failed-1.png
    ────────────────────────────────────────────────────────────────────────────────────────────────

    attachment #2: video (video/webm) ──────────────────────────────────────────────────────────────
    ci-results/artifacts/projects-ITS-test-plans-BA-f7147-—-Click-on-the-Close-button/video.webm
    ────────────────────────────────────────────────────────────────────────────────────────────────

    Error Context: ci-results/artifacts/projects-ITS-test-plans-BA-f7147-—-Click-on-the-Close-button/error-context.md

    attachment #4: trace (application/zip) ─────────────────────────────────────────────────────────
    ci-results/artifacts/projects-ITS-test-plans-BA-f7147-—-Click-on-the-Close-button/trace.zip
    Usage:

        npx playwright show-trace ci-results/artifacts/projects-ITS-test-plans-BA-f7147-—-Click-on-the-Close-button/trace.zip

    ────────────────────────────────────────────────────────────────────────────────────────────────
]]>
</failure>
</testcase>
<testcase name="TC-23 — Click on Submit button" classname="projects/ITS/test-plans/BAS/register-and-upload-invoice.spec.ts" time="91.129">
<system-out>
<![CDATA[
[[ATTACHMENT|artifacts/projects-ITS-test-plans-BA-d3d62-23-—-Click-on-Submit-button/test-failed-1.png]]

[[ATTACHMENT|artifacts/projects-ITS-test-plans-BA-d3d62-23-—-Click-on-Submit-button/video.webm]]

[[ATTACHMENT|artifacts/projects-ITS-test-plans-BA-d3d62-23-—-Click-on-Submit-button/error-context.md]]

[[ATTACHMENT|artifacts/projects-ITS-test-plans-BA-d3d62-23-—-Click-on-Submit-button/trace.zip]]
]]>
</system-out>
<error message="Test timeout of 90000ms exceeded." type="Error">
<![CDATA[  projects/ITS/test-plans/BAS/register-and-upload-invoice.spec.ts:546:5 › TC-23 — Click on Submit button 

    Test timeout of 90000ms exceeded.

    Error: keyboard.press: Target page, context or browser has been closed

      561 |   await supplierEllipsis.click().catch(() => {});
      562 |   await page.getByRole('row').nth(1).click().catch(async () => {
    > 563 |     await page.keyboard.press('Escape');
          |                         ^
      564 |   });
      565 |
      566 |   await page.getByLabel(/invoice no/i).first().fill('INV-SUBMIT-001');
        at /home/runner/work/Test-ReportsHub/Test-ReportsHub/projects/ITS/test-plans/BAS/register-and-upload-invoice.spec.ts:563:25
        at /home/runner/work/Test-ReportsHub/Test-ReportsHub/projects/ITS/test-plans/BAS/register-and-upload-invoice.spec.ts:562:3

    attachment #1: screenshot (image/png) ──────────────────────────────────────────────────────────
    ci-results/artifacts/projects-ITS-test-plans-BA-d3d62-23-—-Click-on-Submit-button/test-failed-1.png
    ────────────────────────────────────────────────────────────────────────────────────────────────

    attachment #2: video (video/webm) ──────────────────────────────────────────────────────────────
    ci-results/artifacts/projects-ITS-test-plans-BA-d3d62-23-—-Click-on-Submit-button/video.webm
    ────────────────────────────────────────────────────────────────────────────────────────────────

    Error Context: ci-results/artifacts/projects-ITS-test-plans-BA-d3d62-23-—-Click-on-Submit-button/error-context.md

    attachment #4: trace (application/zip) ─────────────────────────────────────────────────────────
    ci-results/artifacts/projects-ITS-test-plans-BA-d3d62-23-—-Click-on-Submit-button/trace.zip
    Usage:

        npx playwright show-trace ci-results/artifacts/projects-ITS-test-plans-BA-d3d62-23-—-Click-on-Submit-button/trace.zip

    ────────────────────────────────────────────────────────────────────────────────────────────────
]]>
</error>
</testcase>
</testsuite>
</testsuites>